0.000000 0 0 96.419998 96.029999  99.889999 99.809998 
0.200000 0 1 97.320000 97.000000  99.959999 99.889999 
0.400000 0 2 97.779999 97.849998  99.970001 99.949997 
0.600000 0 3 97.959999 97.970001  99.970001 99.949997 
0.800000 0 4 98.120003 98.059998  99.980003 99.949997 
1.000000 1 0 98.120003 98.250000  99.970001 99.980003 
1.200000 1 1 98.260002 98.220001  99.959999 99.980003 
1.400000 1 2 98.239998 98.339996  99.980003 99.970001 
1.600000 1 3 98.500000 98.559998  99.980003 99.980003 
1.800000 1 4 98.480003 98.480003  99.980003 99.989998 
2.000000 2 0 98.500000 98.449997  99.970001 99.959999 
2.200000 2 1 98.599998 98.500000  99.989998 99.959999 
2.400000 2 2 98.529999 98.510002  99.970001 99.980003 
2.600000 2 3 98.529999 98.690002  99.980003 100.000000 
2.800000 2 4 98.570000 98.820000  100.000000 99.970001 
3.000000 3 0 98.699997 98.820000  99.989998 99.980003 
3.200000 3 1 98.699997 98.540001  99.989998 99.949997 
3.400000 3 2 98.750000 98.870003  99.989998 99.989998 
3.600000 3 3 98.739998 98.690002  99.989998 99.959999 
3.800000 3 4 98.709999 98.730003  100.000000 99.980003 
4.000000 4 0 98.709999 98.730003  99.989998 99.959999 
4.200000 4 1 98.739998 98.830002  99.989998 99.959999 
4.400000 4 2 98.750000 98.910004  99.989998 99.989998 
4.600000 4 3 98.699997 99.010002  99.980003 99.970001 
4.800000 4 4 98.870003 98.830002  99.980003 99.989998 
5.000000 5 0 98.839996 98.959999  99.970001 99.970001 
5.200000 5 1 98.820000 98.800003  99.989998 99.980003 
5.400000 5 2 98.889999 99.050003  99.980003 99.989998 
5.600000 5 3 98.889999 98.839996  99.980003 99.980003 
5.800000 5 4 98.760002 99.059998  99.980003 99.980003 
6.000000 6 0 98.839996 98.849998  99.989998 99.980003 
6.200000 6 1 98.849998 99.050003  100.000000 99.989998 
6.400000 6 2 98.870003 98.879997  100.000000 100.000000 
6.600000 6 3 98.860001 98.970001  99.989998 100.000000 
6.800000 6 4 98.930000 99.029999  99.980003 99.970001 
7.000000 7 0 98.870003 98.930000  99.989998 99.959999 
7.200000 7 1 98.830002 98.889999  99.989998 99.980003 
7.400000 7 2 98.940002 98.959999  99.989998 99.980003 
7.600000 7 3 98.940002 99.029999  99.989998 100.000000 
7.800000 7 4 98.849998 99.110001  99.989998 99.980003 
8.000000 8 0 98.849998 99.129997  99.989998 99.980003 
8.200000 8 1 98.820000 98.949997  99.989998 99.949997 
8.400000 8 2 98.830002 98.870003  99.980003 99.989998 
8.600000 8 3 98.830002 98.980003  99.980003 100.000000 
8.800000 8 4 98.809998 98.680000  99.980003 99.949997 
9.000000 9 0 98.830002 99.110001  99.980003 99.989998 
9.200000 9 1 98.830002 98.980003  99.980003 99.959999 
9.400000 9 2 98.820000 99.120003  99.980003 99.989998 
9.600000 9 3 98.809998 99.010002  99.970001 100.000000 
9.800000 9 4 98.809998 98.989998  99.970001 100.000000 
