0.000000 0 0 90.419998 90.580002  100.000000 100.000000 
0.200000 0 1 91.680000 91.540001  100.000000 100.000000 
0.400000 0 2 92.760002 92.739998  100.000000 100.000000 
0.600000 0 3 93.059998 93.699997  100.000000 100.000000 
0.800000 0 4 93.519997 92.959999  100.000000 100.000000 
1.000000 1 0 94.199997 93.860001  100.000000 100.000000 
1.200000 1 1 94.059998 94.580002  100.000000 100.000000 
1.400000 1 2 94.500000 94.620003  100.000000 100.000000 
1.600000 1 3 94.699997 94.760002  100.000000 100.000000 
1.800000 1 4 94.900002 94.360001  100.000000 100.000000 
2.000000 2 0 94.919998 94.300003  100.000000 100.000000 
2.200000 2 1 94.959999 94.580002  100.000000 100.000000 
2.400000 2 2 95.059998 95.080002  100.000000 100.000000 
2.600000 2 3 95.040001 95.220001  100.000000 100.000000 
2.800000 2 4 95.239998 95.019997  100.000000 100.000000 
3.000000 3 0 95.080002 95.739998  100.000000 100.000000 
3.200000 3 1 95.019997 95.059998  100.000000 100.000000 
3.400000 3 2 95.419998 95.019997  100.000000 100.000000 
3.600000 3 3 95.199997 95.120003  100.000000 100.000000 
3.800000 3 4 95.180000 95.120003  100.000000 100.000000 
4.000000 4 0 95.599998 95.199997  100.000000 100.000000 
4.200000 4 1 95.599998 95.019997  100.000000 100.000000 
4.400000 4 2 95.379997 95.080002  100.000000 100.000000 
4.600000 4 3 95.739998 95.519997  100.000000 100.000000 
4.800000 4 4 95.680000 95.680000  100.000000 100.000000 
5.000000 5 0 95.500000 95.339996  100.000000 100.000000 
5.200000 5 1 95.739998 95.220001  100.000000 100.000000 
5.400000 5 2 95.519997 95.440002  100.000000 100.000000 
5.600000 5 3 95.559998 96.080002  100.000000 100.000000 
5.800000 5 4 95.760002 95.540001  100.000000 100.000000 
6.000000 6 0 95.580002 95.379997  100.000000 100.000000 
6.200000 6 1 95.839996 95.879997  100.000000 100.000000 
6.400000 6 2 95.839996 95.339996  100.000000 100.000000 
6.600000 6 3 95.639999 95.699997  100.000000 100.000000 
6.800000 6 4 95.480003 96.220001  100.000000 100.000000 
7.000000 7 0 96.019997 96.080002  100.000000 100.000000 
7.200000 7 1 96.040001 95.800003  100.000000 100.000000 
7.400000 7 2 95.980003 95.400002  100.000000 100.000000 
7.600000 7 3 96.059998 95.540001  100.000000 100.000000 
7.800000 7 4 95.839996 95.739998  100.000000 100.000000 
8.000000 8 0 96.000000 96.160004  100.000000 100.000000 
8.200000 8 1 96.099998 95.400002  100.000000 100.000000 
8.400000 8 2 96.000000 95.879997  100.000000 100.000000 
8.600000 8 3 95.919998 95.519997  100.000000 100.000000 
8.800000 8 4 95.580002 95.459999  100.000000 100.000000 
9.000000 9 0 95.940002 95.540001  100.000000 100.000000 
9.200000 9 1 95.940002 95.820000  100.000000 100.000000 
9.400000 9 2 95.940002 95.760002  100.000000 100.000000 
9.600000 9 3 95.980003 96.059998  100.000000 100.000000 
9.800000 9 4 95.940002 95.739998  100.000000 100.000000 
