initializing
training size    : 100000
testing size     : 5000
epoch count      : 10
sub epoch size   : 5

epoch_learning_rate_decay   : 8
learning_rate_decay         : 0.250000

training



epoch [0 0] from [10 5]
training time per iterations 0.812400[ms]
testing
testing done
network success rate top1 87.839996% 88.680000% 
network success rate top5 100.000000% 100.000000% 
saving best net in top 1
best net saved to line_network_0/trained/, with success rate 87.839996%



epoch [0 1] from [10 5]
training time per iterations 0.959200[ms]
testing
testing done
network success rate top1 89.279999% 90.339996% 
network success rate top5 100.000000% 100.000000% 
saving best net in top 1
best net saved to line_network_0/trained/, with success rate 89.279999%



epoch [0 2] from [10 5]
training time per iterations 0.816800[ms]
testing
testing done
network success rate top1 90.059998% 89.620003% 
network success rate top5 100.000000% 100.000000% 
saving best net in top 1
best net saved to line_network_0/trained/, with success rate 90.059998%



epoch [0 3] from [10 5]
training time per iterations 0.814800[ms]
testing
testing done
network success rate top1 90.820000% 91.160004% 
network success rate top5 100.000000% 100.000000% 
saving best net in top 1
best net saved to line_network_0/trained/, with success rate 90.820000%



epoch [0 4] from [10 5]
training time per iterations 0.769900[ms]
testing
testing done
network success rate top1 91.379997% 91.580002% 
network success rate top5 100.000000% 100.000000% 
saving best net in top 1
best net saved to line_network_0/trained/, with success rate 91.379997%



epoch [1 0] from [10 5]
training time per iterations 0.833600[ms]
testing
testing done
network success rate top1 91.779999% 90.940002% 
network success rate top5 100.000000% 100.000000% 
saving best net in top 1
best net saved to line_network_0/trained/, with success rate 91.779999%



epoch [1 1] from [10 5]
training time per iterations 0.724400[ms]
testing
testing done
network success rate top1 92.080002% 92.019997% 
network success rate top5 100.000000% 100.000000% 
saving best net in top 1
best net saved to line_network_0/trained/, with success rate 92.080002%



epoch [1 2] from [10 5]
training time per iterations 0.888450[ms]
testing
testing done
network success rate top1 92.400002% 92.800003% 
network success rate top5 100.000000% 100.000000% 
saving best net in top 1
best net saved to line_network_0/trained/, with success rate 92.400002%



epoch [1 3] from [10 5]
training time per iterations 0.938400[ms]
testing
testing done
network success rate top1 92.419998% 92.040001% 
network success rate top5 100.000000% 100.000000% 
saving best net in top 1
best net saved to line_network_0/trained/, with success rate 92.419998%



epoch [1 4] from [10 5]
training time per iterations 1.430500[ms]
testing
testing done
network success rate top1 92.419998% 92.339996% 
network success rate top5 100.000000% 100.000000% 



epoch [2 0] from [10 5]
training time per iterations 1.553900[ms]
testing
testing done
network success rate top1 92.980003% 93.120003% 
network success rate top5 100.000000% 100.000000% 
saving best net in top 1
best net saved to line_network_0/trained/, with success rate 92.980003%



epoch [2 1] from [10 5]
training time per iterations 1.348800[ms]
testing
testing done
network success rate top1 92.820000% 92.699997% 
network success rate top5 100.000000% 100.000000% 



epoch [2 2] from [10 5]
training time per iterations 1.249650[ms]
testing
testing done
network success rate top1 93.300003% 93.279999% 
network success rate top5 100.000000% 100.000000% 
saving best net in top 1
best net saved to line_network_0/trained/, with success rate 93.300003%



epoch [2 3] from [10 5]
training time per iterations 1.152050[ms]
testing
testing done
network success rate top1 93.480003% 93.459999% 
network success rate top5 100.000000% 100.000000% 
saving best net in top 1
best net saved to line_network_0/trained/, with success rate 93.480003%



epoch [2 4] from [10 5]
training time per iterations 1.646600[ms]
testing
testing done
network success rate top1 93.500000% 93.120003% 
network success rate top5 100.000000% 100.000000% 
saving best net in top 1
best net saved to line_network_0/trained/, with success rate 93.500000%



epoch [3 0] from [10 5]
training time per iterations 1.633700[ms]
testing
testing done
network success rate top1 93.500000% 93.160004% 
network success rate top5 100.000000% 100.000000% 



epoch [3 1] from [10 5]
training time per iterations 1.227900[ms]
testing
testing done
network success rate top1 93.639999% 93.279999% 
network success rate top5 100.000000% 100.000000% 
saving best net in top 1
best net saved to line_network_0/trained/, with success rate 93.639999%



epoch [3 2] from [10 5]
training time per iterations 1.713250[ms]
testing
testing done
network success rate top1 93.739998% 93.760002% 
network success rate top5 100.000000% 100.000000% 
saving best net in top 1
best net saved to line_network_0/trained/, with success rate 93.739998%



epoch [3 3] from [10 5]
training time per iterations 1.649500[ms]
testing
testing done
network success rate top1 93.800003% 92.739998% 
network success rate top5 100.000000% 100.000000% 
saving best net in top 1
best net saved to line_network_0/trained/, with success rate 93.800003%



epoch [3 4] from [10 5]
training time per iterations 1.632050[ms]
testing
testing done
network success rate top1 94.000000% 93.820000% 
network success rate top5 100.000000% 100.000000% 
saving best net in top 1
best net saved to line_network_0/trained/, with success rate 94.000000%



epoch [4 0] from [10 5]
training time per iterations 0.858000[ms]
testing
testing done
network success rate top1 93.800003% 93.879997% 
network success rate top5 100.000000% 100.000000% 



epoch [4 1] from [10 5]
training time per iterations 0.856000[ms]
testing
testing done
network success rate top1 94.300003% 94.080002% 
network success rate top5 100.000000% 100.000000% 
saving best net in top 1
best net saved to line_network_0/trained/, with success rate 94.300003%



epoch [4 2] from [10 5]
training time per iterations 1.027000[ms]
testing
testing done
network success rate top1 94.199997% 93.959999% 
network success rate top5 100.000000% 100.000000% 



epoch [4 3] from [10 5]
training time per iterations 0.910550[ms]
testing
testing done
network success rate top1 94.220001% 93.739998% 
network success rate top5 100.000000% 100.000000% 



epoch [4 4] from [10 5]
training time per iterations 0.947550[ms]
testing
testing done
network success rate top1 94.040001% 94.199997% 
network success rate top5 100.000000% 100.000000% 



epoch [5 0] from [10 5]
training time per iterations 1.030150[ms]
testing
testing done
network success rate top1 94.220001% 93.580002% 
network success rate top5 100.000000% 100.000000% 



epoch [5 1] from [10 5]
training time per iterations 1.108600[ms]
testing
testing done
network success rate top1 94.379997% 94.099998% 
network success rate top5 100.000000% 100.000000% 
saving best net in top 1
best net saved to line_network_0/trained/, with success rate 94.379997%



epoch [5 2] from [10 5]
training time per iterations 0.811650[ms]
testing
testing done
network success rate top1 94.360001% 93.919998% 
network success rate top5 100.000000% 100.000000% 



epoch [5 3] from [10 5]
training time per iterations 0.781250[ms]
testing
testing done
network success rate top1 94.720001% 94.099998% 
network success rate top5 100.000000% 100.000000% 
saving best net in top 1
best net saved to line_network_0/trained/, with success rate 94.720001%



epoch [5 4] from [10 5]
training time per iterations 0.838500[ms]
testing
testing done
network success rate top1 94.379997% 94.800003% 
network success rate top5 100.000000% 100.000000% 



epoch [6 0] from [10 5]
training time per iterations 0.768500[ms]
testing
testing done
network success rate top1 94.320000% 93.260002% 
network success rate top5 100.000000% 100.000000% 



epoch [6 1] from [10 5]
training time per iterations 0.796700[ms]
testing
testing done
network success rate top1 94.419998% 94.180000% 
network success rate top5 100.000000% 100.000000% 



epoch [6 2] from [10 5]
training time per iterations 0.776800[ms]
testing
testing done
network success rate top1 94.519997% 94.419998% 
network success rate top5 100.000000% 100.000000% 



epoch [6 3] from [10 5]
training time per iterations 0.829400[ms]
testing
testing done
network success rate top1 94.480003% 94.360001% 
network success rate top5 100.000000% 100.000000% 



epoch [6 4] from [10 5]
training time per iterations 0.820400[ms]
testing
testing done
network success rate top1 94.639999% 94.300003% 
network success rate top5 100.000000% 100.000000% 



epoch [7 0] from [10 5]
training time per iterations 0.777950[ms]
testing
testing done
network success rate top1 94.540001% 94.379997% 
network success rate top5 100.000000% 100.000000% 



epoch [7 1] from [10 5]
training time per iterations 0.777850[ms]
testing
testing done
network success rate top1 94.480003% 94.500000% 
network success rate top5 100.000000% 100.000000% 



epoch [7 2] from [10 5]
training time per iterations 0.778800[ms]
testing
testing done
network success rate top1 94.720001% 94.599998% 
network success rate top5 100.000000% 100.000000% 



epoch [7 3] from [10 5]
training time per iterations 0.778550[ms]
testing
testing done
network success rate top1 94.660004% 94.379997% 
network success rate top5 100.000000% 100.000000% 



epoch [7 4] from [10 5]
training time per iterations 0.778550[ms]
testing
testing done
network success rate top1 94.720001% 94.320000% 
network success rate top5 100.000000% 100.000000% 
setting learning rate to 0.000250



epoch [8 0] from [10 5]
training time per iterations 0.775900[ms]
testing
testing done
network success rate top1 94.580002% 94.559998% 
network success rate top5 100.000000% 100.000000% 



epoch [8 1] from [10 5]
training time per iterations 0.777900[ms]
testing
testing done
network success rate top1 94.580002% 94.059998% 
network success rate top5 100.000000% 100.000000% 



epoch [8 2] from [10 5]
training time per iterations 0.792350[ms]
testing
testing done
network success rate top1 94.779999% 94.419998% 
network success rate top5 100.000000% 100.000000% 
saving best net in top 1
best net saved to line_network_0/trained/, with success rate 94.779999%



epoch [8 3] from [10 5]
training time per iterations 0.780600[ms]
testing
testing done
network success rate top1 94.620003% 94.059998% 
network success rate top5 100.000000% 100.000000% 



epoch [8 4] from [10 5]
training time per iterations 0.780950[ms]
testing
testing done
network success rate top1 94.800003% 94.180000% 
network success rate top5 100.000000% 100.000000% 
saving best net in top 1
best net saved to line_network_0/trained/, with success rate 94.800003%



epoch [9 0] from [10 5]
training time per iterations 0.778200[ms]
testing
testing done
network success rate top1 94.440002% 94.620003% 
network success rate top5 100.000000% 100.000000% 



epoch [9 1] from [10 5]
training time per iterations 0.779300[ms]
testing
testing done
network success rate top1 94.860001% 94.680000% 
network success rate top5 100.000000% 100.000000% 
saving best net in top 1
best net saved to line_network_0/trained/, with success rate 94.860001%



epoch [9 2] from [10 5]
training time per iterations 0.779450[ms]
testing
testing done
network success rate top1 94.500000% 95.040001% 
network success rate top5 100.000000% 100.000000% 



epoch [9 3] from [10 5]
training time per iterations 0.774750[ms]
testing
testing done
network success rate top1 94.820000% 94.139999% 
network success rate top5 100.000000% 100.000000% 



epoch [9 4] from [10 5]
training time per iterations 0.777100[ms]
testing
testing done
network success rate top1 94.699997% 94.699997% 
network success rate top5 100.000000% 100.000000% 
training done
