0.000000 0 0 68.989998 66.750000  100.000000 100.000000 
0.200000 0 1 73.540001 72.650002  100.000000 100.000000 
0.400000 0 2 74.959999 73.370003  100.000000 100.000000 
0.600000 0 3 75.500000 73.110001  100.000000 100.000000 
0.800000 0 4 77.150002 75.330002  100.000000 100.000000 
1.000000 1 0 76.400002 74.879997  100.000000 100.000000 
1.200000 1 1 77.099998 75.650002  100.000000 100.000000 
1.400000 1 2 77.470001 76.290001  100.000000 100.000000 
1.600000 1 3 78.330002 76.139999  100.000000 100.000000 
1.800000 1 4 78.290001 77.650002  100.000000 100.000000 
2.000000 2 0 78.480003 78.220001  100.000000 100.000000 
2.200000 2 1 79.250000 77.480003  100.000000 100.000000 
2.400000 2 2 79.279999 78.519997  100.000000 100.000000 
2.600000 2 3 79.489998 79.019997  100.000000 100.000000 
2.800000 2 4 79.720001 78.260002  100.000000 100.000000 
3.000000 3 0 79.940002 77.930000  100.000000 100.000000 
3.200000 3 1 80.430000 79.419998  100.000000 100.000000 
3.400000 3 2 81.070000 79.379997  100.000000 100.000000 
3.600000 3 3 80.930000 78.699997  100.000000 100.000000 
3.800000 3 4 81.459999 79.790001  100.000000 100.000000 
4.000000 4 0 80.849998 80.070000  100.000000 100.000000 
4.200000 4 1 81.570000 81.000000  100.000000 100.000000 
4.400000 4 2 81.769997 80.879997  100.000000 100.000000 
4.600000 4 3 82.330002 80.940002  100.000000 100.000000 
4.800000 4 4 82.120003 80.410004  100.000000 100.000000 
5.000000 5 0 82.150002 81.839996  100.000000 100.000000 
5.200000 5 1 82.699997 81.379997  100.000000 100.000000 
5.400000 5 2 82.050003 80.690002  100.000000 100.000000 
5.600000 5 3 83.290001 81.989998  100.000000 100.000000 
5.800000 5 4 83.360001 82.410004  100.000000 100.000000 
6.000000 6 0 83.629997 82.320000  100.000000 100.000000 
6.200000 6 1 83.760002 81.370003  100.000000 100.000000 
6.400000 6 2 83.820000 82.839996  100.000000 100.000000 
6.600000 6 3 84.029999 82.320000  100.000000 100.000000 
6.800000 6 4 84.169998 82.800003  100.000000 100.000000 
7.000000 7 0 84.400002 82.070000  100.000000 100.000000 
7.200000 7 1 84.309998 83.320000  100.000000 100.000000 
7.400000 7 2 83.849998 82.650002  100.000000 100.000000 
7.600000 7 3 84.910004 83.709999  100.000000 100.000000 
7.800000 7 4 84.800003 84.180000  100.000000 100.000000 
8.000000 8 0 84.900002 83.400002  100.000000 100.000000 
8.200000 8 1 84.629997 83.389999  100.000000 100.000000 
8.400000 8 2 84.900002 83.800003  100.000000 100.000000 
8.600000 8 3 84.889999 83.309998  100.000000 100.000000 
8.800000 8 4 85.339996 84.190002  100.000000 100.000000 
9.000000 9 0 85.279999 84.199997  100.000000 100.000000 
9.200000 9 1 84.989998 84.230003  100.000000 100.000000 
9.400000 9 2 84.790001 84.260002  100.000000 100.000000 
9.600000 9 3 85.129997 84.129997  100.000000 100.000000 
9.800000 9 4 85.540001 84.150002  100.000000 100.000000 
