initializing
training



epoch [0 0] from [10 5]
training time per iterations 3.438072[ms]
testing
testing done
network success rate top1 96.680000% 96.160004% 
network success rate top5 99.959999% 99.870003% 
saving best net in top 1
best net saved to mnist_1/trained/, with success rate 96.680000%



epoch [0 1] from [10 5]
training time per iterations 3.643491[ms]
testing
testing done
network success rate top1 97.440002% 96.980003% 
network success rate top5 99.980003% 99.910004% 
saving best net in top 1
best net saved to mnist_1/trained/, with success rate 97.440002%



epoch [0 2] from [10 5]
training time per iterations 3.720159[ms]
testing
testing done
network success rate top1 97.790001% 97.489998% 
network success rate top5 99.989998% 99.919998% 
saving best net in top 1
best net saved to mnist_1/trained/, with success rate 97.790001%



epoch [0 3] from [10 5]
training time per iterations 3.499249[ms]
testing
testing done
network success rate top1 98.000000% 97.959999% 
network success rate top5 99.980003% 99.980003% 
saving best net in top 1
best net saved to mnist_1/trained/, with success rate 98.000000%



epoch [0 4] from [10 5]
training time per iterations 3.709301[ms]
testing
testing done
network success rate top1 98.120003% 97.779999% 
network success rate top5 99.989998% 99.930000% 
saving best net in top 1
best net saved to mnist_1/trained/, with success rate 98.120003%



epoch [1 0] from [10 5]
training time per iterations 3.717321[ms]
testing
testing done
network success rate top1 98.300003% 98.050003% 
network success rate top5 99.989998% 99.970001% 
saving best net in top 1
best net saved to mnist_1/trained/, with success rate 98.300003%



epoch [1 1] from [10 5]
training time per iterations 3.251567[ms]
testing
testing done
network success rate top1 98.410004% 98.180000% 
network success rate top5 99.989998% 100.000000% 
saving best net in top 1
best net saved to mnist_1/trained/, with success rate 98.410004%



epoch [1 2] from [10 5]
training time per iterations 2.403323[ms]
testing
testing done
network success rate top1 98.389999% 98.169998% 
network success rate top5 99.989998% 99.989998% 



epoch [1 3] from [10 5]
training time per iterations 2.560380[ms]
testing
testing done
network success rate top1 98.440002% 98.150002% 
network success rate top5 99.989998% 99.970001% 
saving best net in top 1
best net saved to mnist_1/trained/, with success rate 98.440002%



epoch [1 4] from [10 5]
training time per iterations 2.211374[ms]
testing
testing done
network success rate top1 98.519997% 98.339996% 
network success rate top5 99.989998% 99.959999% 
saving best net in top 1
best net saved to mnist_1/trained/, with success rate 98.519997%



epoch [2 0] from [10 5]
training time per iterations 2.220389[ms]
testing
testing done
network success rate top1 98.400002% 98.500000% 
network success rate top5 99.989998% 99.980003% 



epoch [2 1] from [10 5]
training time per iterations 2.212922[ms]
testing
testing done
network success rate top1 98.519997% 98.440002% 
network success rate top5 99.989998% 99.980003% 



epoch [2 2] from [10 5]
training time per iterations 2.222318[ms]
testing
testing done
network success rate top1 98.559998% 98.570000% 
network success rate top5 99.989998% 99.949997% 
saving best net in top 1
best net saved to mnist_1/trained/, with success rate 98.559998%



epoch [2 3] from [10 5]
training time per iterations 2.217797[ms]
testing
testing done
network success rate top1 98.489998% 98.510002% 
network success rate top5 99.989998% 100.000000% 



epoch [2 4] from [10 5]
training time per iterations 2.219685[ms]
testing
testing done
network success rate top1 98.769997% 98.849998% 
network success rate top5 99.989998% 99.989998% 
saving best net in top 1
best net saved to mnist_1/trained/, with success rate 98.769997%



epoch [3 0] from [10 5]
training time per iterations 2.421956[ms]
testing
testing done
network success rate top1 98.599998% 98.559998% 
network success rate top5 99.989998% 99.989998% 



epoch [3 1] from [10 5]
training time per iterations 2.415740[ms]
testing
testing done
network success rate top1 98.639999% 98.529999% 
network success rate top5 99.989998% 99.980003% 



epoch [3 2] from [10 5]
training time per iterations 2.300534[ms]
testing
testing done
network success rate top1 98.669998% 98.610001% 
network success rate top5 99.989998% 99.989998% 



epoch [3 3] from [10 5]
training time per iterations 2.336149[ms]
testing
testing done
network success rate top1 98.690002% 98.680000% 
network success rate top5 99.989998% 99.989998% 



epoch [3 4] from [10 5]
training time per iterations 2.217333[ms]
testing
testing done
network success rate top1 98.690002% 98.769997% 
network success rate top5 99.989998% 99.970001% 



epoch [4 0] from [10 5]
training time per iterations 2.224943[ms]
testing
testing done
network success rate top1 98.680000% 98.620003% 
network success rate top5 99.989998% 99.989998% 



epoch [4 1] from [10 5]
training time per iterations 2.218612[ms]
testing
testing done
network success rate top1 98.680000% 98.790001% 
network success rate top5 100.000000% 99.980003% 



epoch [4 2] from [10 5]
training time per iterations 2.223893[ms]
testing
testing done
network success rate top1 98.849998% 98.930000% 
network success rate top5 99.989998% 99.989998% 
saving best net in top 1
best net saved to mnist_1/trained/, with success rate 98.849998%



epoch [4 3] from [10 5]
training time per iterations 2.218313[ms]
testing
testing done
network success rate top1 98.800003% 98.760002% 
network success rate top5 99.989998% 99.989998% 



epoch [4 4] from [10 5]
training time per iterations 2.218929[ms]
testing
testing done
network success rate top1 98.889999% 98.839996% 
network success rate top5 99.989998% 99.980003% 
saving best net in top 1
best net saved to mnist_1/trained/, with success rate 98.889999%



epoch [5 0] from [10 5]
training time per iterations 2.221790[ms]
testing
testing done
network success rate top1 98.779999% 98.680000% 
network success rate top5 99.989998% 99.970001% 



epoch [5 1] from [10 5]
training time per iterations 2.222408[ms]
testing
testing done
network success rate top1 98.860001% 98.839996% 
network success rate top5 99.980003% 99.970001% 



epoch [5 2] from [10 5]
training time per iterations 2.221713[ms]
testing
testing done
network success rate top1 98.739998% 98.970001% 
network success rate top5 99.989998% 100.000000% 



epoch [5 3] from [10 5]
training time per iterations 2.287957[ms]
testing
testing done
network success rate top1 98.940002% 98.900002% 
network success rate top5 100.000000% 100.000000% 
saving best net in top 1
best net saved to mnist_1/trained/, with success rate 98.940002%



epoch [5 4] from [10 5]
training time per iterations 2.219759[ms]
testing
testing done
network success rate top1 98.930000% 98.949997% 
network success rate top5 99.989998% 99.980003% 



epoch [6 0] from [10 5]
training time per iterations 2.457993[ms]
testing
testing done
network success rate top1 98.910004% 98.940002% 
network success rate top5 99.989998% 100.000000% 



epoch [6 1] from [10 5]
training time per iterations 2.313237[ms]
testing
testing done
network success rate top1 98.879997% 98.660004% 
network success rate top5 99.989998% 99.989998% 



epoch [6 2] from [10 5]
training time per iterations 2.075429[ms]
testing
testing done
network success rate top1 98.959999% 98.730003% 
network success rate top5 99.980003% 99.989998% 
saving best net in top 1
best net saved to mnist_1/trained/, with success rate 98.959999%



epoch [6 3] from [10 5]
training time per iterations 2.115913[ms]
testing
testing done
network success rate top1 98.910004% 99.129997% 
network success rate top5 100.000000% 100.000000% 



epoch [6 4] from [10 5]
training time per iterations 2.178700[ms]
testing
testing done
network success rate top1 98.970001% 98.809998% 
network success rate top5 100.000000% 99.980003% 
saving best net in top 1
best net saved to mnist_1/trained/, with success rate 98.970001%



epoch [7 0] from [10 5]
training time per iterations 2.638086[ms]
testing
testing done
network success rate top1 98.910004% 99.089996% 
network success rate top5 99.989998% 100.000000% 



epoch [7 1] from [10 5]
training time per iterations 2.361762[ms]
testing
testing done
network success rate top1 98.940002% 98.919998% 
network success rate top5 100.000000% 100.000000% 



epoch [7 2] from [10 5]
training time per iterations 2.524473[ms]
testing
testing done
network success rate top1 98.919998% 99.059998% 
network success rate top5 99.989998% 100.000000% 



epoch [7 3] from [10 5]
training time per iterations 2.521446[ms]
testing
testing done
network success rate top1 98.970001% 98.959999% 
network success rate top5 100.000000% 99.989998% 



epoch [7 4] from [10 5]
training time per iterations 2.529422[ms]
testing
testing done
network success rate top1 98.930000% 99.339996% 
network success rate top5 100.000000% 100.000000% 
setting learning rate to 0.000250



epoch [8 0] from [10 5]
training time per iterations 2.985955[ms]
testing
testing done
network success rate top1 98.949997% 98.830002% 
network success rate top5 100.000000% 100.000000% 



epoch [8 1] from [10 5]
training time per iterations 2.262642[ms]
testing
testing done
network success rate top1 98.949997% 99.120003% 
network success rate top5 100.000000% 100.000000% 



epoch [8 2] from [10 5]
training time per iterations 2.299156[ms]
testing
testing done
network success rate top1 98.970001% 99.040001% 
network success rate top5 100.000000% 100.000000% 



epoch [8 3] from [10 5]
training time per iterations 2.327372[ms]
testing
testing done
network success rate top1 98.970001% 98.970001% 
network success rate top5 100.000000% 99.989998% 



epoch [8 4] from [10 5]
training time per iterations 2.461729[ms]
testing
testing done
network success rate top1 99.000000% 98.980003% 
network success rate top5 100.000000% 100.000000% 
saving best net in top 1
best net saved to mnist_1/trained/, with success rate 99.000000%



epoch [9 0] from [10 5]
training time per iterations 2.448834[ms]
testing
testing done
network success rate top1 98.989998% 98.809998% 
network success rate top5 100.000000% 100.000000% 



epoch [9 1] from [10 5]
training time per iterations 2.239718[ms]
testing
testing done
network success rate top1 99.000000% 98.949997% 
network success rate top5 100.000000% 99.989998% 



epoch [9 2] from [10 5]
training time per iterations 2.314235[ms]
testing
testing done
network success rate top1 98.980003% 98.760002% 
network success rate top5 100.000000% 100.000000% 



epoch [9 3] from [10 5]
training time per iterations 2.187131[ms]
testing
testing done
network success rate top1 98.989998% 98.959999% 
network success rate top5 100.000000% 100.000000% 



epoch [9 4] from [10 5]
training time per iterations 2.319424[ms]
testing
testing done
network success rate top1 99.000000% 98.949997% 
network success rate top5 100.000000% 100.000000% 
training done
