0.000000 0 0 96.680000 96.160004  99.959999 99.870003 
0.200000 0 1 97.440002 96.980003  99.980003 99.910004 
0.400000 0 2 97.790001 97.489998  99.989998 99.919998 
0.600000 0 3 98.000000 97.959999  99.980003 99.980003 
0.800000 0 4 98.120003 97.779999  99.989998 99.930000 
1.000000 1 0 98.300003 98.050003  99.989998 99.970001 
1.200000 1 1 98.410004 98.180000  99.989998 100.000000 
1.400000 1 2 98.389999 98.169998  99.989998 99.989998 
1.600000 1 3 98.440002 98.150002  99.989998 99.970001 
1.800000 1 4 98.519997 98.339996  99.989998 99.959999 
2.000000 2 0 98.400002 98.500000  99.989998 99.980003 
2.200000 2 1 98.519997 98.440002  99.989998 99.980003 
2.400000 2 2 98.559998 98.570000  99.989998 99.949997 
2.600000 2 3 98.489998 98.510002  99.989998 100.000000 
2.800000 2 4 98.769997 98.849998  99.989998 99.989998 
3.000000 3 0 98.599998 98.559998  99.989998 99.989998 
3.200000 3 1 98.639999 98.529999  99.989998 99.980003 
3.400000 3 2 98.669998 98.610001  99.989998 99.989998 
3.600000 3 3 98.690002 98.680000  99.989998 99.989998 
3.800000 3 4 98.690002 98.769997  99.989998 99.970001 
4.000000 4 0 98.680000 98.620003  99.989998 99.989998 
4.200000 4 1 98.680000 98.790001  100.000000 99.980003 
4.400000 4 2 98.849998 98.930000  99.989998 99.989998 
4.600000 4 3 98.800003 98.760002  99.989998 99.989998 
4.800000 4 4 98.889999 98.839996  99.989998 99.980003 
5.000000 5 0 98.779999 98.680000  99.989998 99.970001 
5.200000 5 1 98.860001 98.839996  99.980003 99.970001 
5.400000 5 2 98.739998 98.970001  99.989998 100.000000 
5.600000 5 3 98.940002 98.900002  100.000000 100.000000 
5.800000 5 4 98.930000 98.949997  99.989998 99.980003 
6.000000 6 0 98.910004 98.940002  99.989998 100.000000 
6.200000 6 1 98.879997 98.660004  99.989998 99.989998 
6.400000 6 2 98.959999 98.730003  99.980003 99.989998 
6.600000 6 3 98.910004 99.129997  100.000000 100.000000 
6.800000 6 4 98.970001 98.809998  100.000000 99.980003 
7.000000 7 0 98.910004 99.089996  99.989998 100.000000 
7.200000 7 1 98.940002 98.919998  100.000000 100.000000 
7.400000 7 2 98.919998 99.059998  99.989998 100.000000 
7.600000 7 3 98.970001 98.959999  100.000000 99.989998 
7.800000 7 4 98.930000 99.339996  100.000000 100.000000 
8.000000 8 0 98.949997 98.830002  100.000000 100.000000 
8.200000 8 1 98.949997 99.120003  100.000000 100.000000 
8.400000 8 2 98.970001 99.040001  100.000000 100.000000 
8.600000 8 3 98.970001 98.970001  100.000000 99.989998 
8.800000 8 4 99.000000 98.980003  100.000000 100.000000 
9.000000 9 0 98.989998 98.809998  100.000000 100.000000 
9.200000 9 1 99.000000 98.949997  100.000000 99.989998 
9.400000 9 2 98.980003 98.760002  100.000000 100.000000 
9.600000 9 3 98.989998 98.959999  100.000000 100.000000 
9.800000 9 4 99.000000 98.949997  100.000000 100.000000 
