network init start

hyperparameters
init_weight_range 0.000000 ,xavier
learning_rate 0.000100
lambda1 0.000005
lambda2 0.010000
dropout 0.200000
noise 0.000000
minibatch size 32

   DENSE CONVOLUTION  [   28    28     2] [    3     3     8] [   28    28    10] [       144          8][    119168]
                RELU  [   28    28    10] [    1     1     1] [   28    28    10] [         0          0][     15680]
   DENSE CONVOLUTION  [   28    28    10] [    3     3     8] [   28    28    18] [       720          8][    570752]
                RELU  [   28    28    18] [    1     1     1] [   28    28    18] [         0          0][     28224]
         CONVOLUTION  [   28    28    18] [    3     3    32] [   28    28    32] [      5184         32][   4089344]
              GATING  [   28    28    32] [    1     1     1] [   28    28    16] [         0          0][     25088]
                RELU  [   28    28    16] [    1     1     1] [   28    28    16] [         0          0][     25088]
         MAX POOLING  [   28    28    16] [    2     2     1] [   14    14    16] [         0          0][     25088]
   DENSE CONVOLUTION  [   14    14    16] [    3     3     8] [   14    14    24] [      1152          8][    227360]
                RELU  [   14    14    24] [    1     1     1] [   14    14    24] [         0          0][      9408]
   DENSE CONVOLUTION  [   14    14    24] [    3     3     8] [   14    14    32] [      1728          8][    340256]
                RELU  [   14    14    32] [    1     1     1] [   14    14    32] [         0          0][     12544]
   DENSE CONVOLUTION  [   14    14    32] [    3     3     8] [   14    14    40] [      2304          8][    453152]
                RELU  [   14    14    40] [    1     1     1] [   14    14    40] [         0          0][     15680]
   DENSE CONVOLUTION  [   14    14    40] [    3     3     8] [   14    14    48] [      2880          8][    566048]
                RELU  [   14    14    48] [    1     1     1] [   14    14    48] [         0          0][     18816]
         MAX POOLING  [   14    14    48] [    2     2     1] [    7     7    48] [         0          0][     18816]
   DENSE CONVOLUTION  [    7     7    48] [    3     3     8] [    7     7    56] [      3456          8][    169736]
                RELU  [    7     7    56] [    1     1     1] [    7     7    56] [         0          0][      5488]
   DENSE CONVOLUTION  [    7     7    56] [    3     3     8] [    7     7    64] [      4032          8][    197960]
                RELU  [    7     7    64] [    1     1     1] [    7     7    64] [         0          0][      6272]
   DENSE CONVOLUTION  [    7     7    64] [    3     3     8] [    7     7    72] [      4608          8][    226184]
                RELU  [    7     7    72] [    1     1     1] [    7     7    72] [         0          0][      7056]
   DENSE CONVOLUTION  [    7     7    72] [    3     3     8] [    7     7    80] [      5184          8][    254408]
                RELU  [    7     7    80] [    1     1     1] [    7     7    80] [         0          0][      7840]
             DROPOUT  [    7     7    80] [    1     1     1] [    7     7    80] [         0          0][      7840]
                  FC  [    7     7    80] [    1     1     2] [    1     1     2] [      7840          2][     15684]

input_geometry  [28 28 2]
output_geometry [1 1 2]
network flops operations 7458980 FLOPS, 0.007459 GFLOPS
init DONE

