0.000000 0 0 96.930000 96.809998  99.959999 99.889999 
0.200000 0 1 97.919998 97.699997  99.959999 99.930000 
0.400000 0 2 98.209999 98.150002  99.980003 99.989998 
0.600000 0 3 98.440002 98.300003  99.959999 99.970001 
0.800000 0 4 98.379997 98.279999  99.959999 99.940002 
1.000000 1 0 98.540001 98.449997  99.980003 99.980003 
1.200000 1 1 98.510002 98.449997  99.970001 99.989998 
1.400000 1 2 98.570000 98.629997  99.970001 99.980003 
1.600000 1 3 98.680000 98.550003  99.989998 100.000000 
1.800000 1 4 98.730003 98.889999  99.970001 100.000000 
2.000000 2 0 98.769997 98.809998  99.980003 100.000000 
2.200000 2 1 98.839996 98.620003  99.980003 99.989998 
2.400000 2 2 98.800003 98.529999  99.989998 99.980003 
2.600000 2 3 98.839996 98.889999  99.980003 100.000000 
2.800000 2 4 98.769997 98.730003  99.989998 100.000000 
3.000000 3 0 98.739998 99.000000  99.980003 100.000000 
3.200000 3 1 98.940002 98.940002  99.989998 100.000000 
3.400000 3 2 98.989998 99.120003  99.989998 100.000000 
3.600000 3 3 98.949997 99.099998  99.989998 100.000000 
3.800000 3 4 98.910004 98.989998  100.000000 100.000000 
4.000000 4 0 98.940002 98.889999  99.989998 100.000000 
4.200000 4 1 98.959999 99.070000  99.989998 100.000000 
4.400000 4 2 98.980003 99.089996  99.989998 100.000000 
4.600000 4 3 98.959999 98.940002  99.989998 100.000000 
4.800000 4 4 98.949997 99.250000  99.980003 99.989998 
5.000000 5 0 99.080002 98.930000  99.989998 100.000000 
5.200000 5 1 98.980003 98.889999  100.000000 99.970001 
5.400000 5 2 99.040001 98.959999  100.000000 100.000000 
5.600000 5 3 99.019997 99.059998  99.989998 99.989998 
5.800000 5 4 99.089996 99.019997  99.989998 99.980003 
6.000000 6 0 99.120003 98.800003  99.989998 100.000000 
6.200000 6 1 99.099998 99.269997  100.000000 100.000000 
6.400000 6 2 99.129997 99.239998  100.000000 99.989998 
6.600000 6 3 99.010002 98.980003  100.000000 100.000000 
6.800000 6 4 98.980003 99.040001  99.989998 100.000000 
7.000000 7 0 99.089996 99.169998  99.989998 99.989998 
7.200000 7 1 99.070000 99.059998  100.000000 100.000000 
7.400000 7 2 99.110001 99.080002  100.000000 100.000000 
7.600000 7 3 99.099998 99.199997  99.989998 100.000000 
7.800000 7 4 99.129997 99.169998  100.000000 100.000000 
8.000000 8 0 99.059998 99.040001  99.989998 99.980003 
8.200000 8 1 99.190002 99.239998  100.000000 100.000000 
8.400000 8 2 99.120003 99.279999  99.989998 100.000000 
8.600000 8 3 99.139999 99.209999  100.000000 100.000000 
8.800000 8 4 99.160004 99.260002  100.000000 100.000000 
9.000000 9 0 99.139999 99.260002  100.000000 100.000000 
9.200000 9 1 99.160004 99.139999  100.000000 100.000000 
9.400000 9 2 99.110001 99.279999  100.000000 99.989998 
9.600000 9 3 99.129997 99.099998  99.989998 100.000000 
9.800000 9 4 99.129997 99.260002  100.000000 100.000000 
10.000000 10 0 99.190002 99.099998  100.000000 100.000000 
10.200000 10 1 99.099998 99.379997  100.000000 100.000000 
10.400000 10 2 99.129997 99.150002  100.000000 100.000000 
10.600000 10 3 99.180000 99.309998  100.000000 100.000000 
10.800000 10 4 99.110001 99.040001  100.000000 99.989998 
11.000000 11 0 99.169998 99.180000  100.000000 100.000000 
11.200000 11 1 99.180000 99.269997  99.989998 99.989998 
11.400000 11 2 99.150002 99.209999  99.989998 99.989998 
11.600000 11 3 99.180000 99.370003  100.000000 100.000000 
11.800000 11 4 99.220001 99.379997  99.989998 100.000000 
12.000000 12 0 99.139999 99.290001  99.980003 100.000000 
12.200000 12 1 99.199997 99.410004  99.989998 100.000000 
12.400000 12 2 99.129997 99.180000  100.000000 100.000000 
12.600000 12 3 99.180000 99.120003  99.989998 100.000000 
12.800000 12 4 99.160004 99.290001  100.000000 99.989998 
13.000000 13 0 99.099998 99.379997  99.980003 99.989998 
13.200000 13 1 99.199997 99.260002  99.980003 100.000000 
13.400000 13 2 99.190002 99.440002  99.989998 99.989998 
13.600000 13 3 99.139999 99.180000  99.989998 100.000000 
13.800000 13 4 99.129997 99.230003  99.989998 100.000000 
14.000000 14 0 99.080002 99.410004  100.000000 100.000000 
14.200000 14 1 99.220001 99.470001  100.000000 100.000000 
14.400000 14 2 99.160004 99.389999  100.000000 100.000000 
14.600000 14 3 99.150002 99.419998  100.000000 100.000000 
14.800000 14 4 99.150002 99.180000  100.000000 100.000000 
15.000000 15 0 99.180000 99.309998  100.000000 100.000000 
15.200000 15 1 99.180000 99.330002  100.000000 100.000000 
15.400000 15 2 99.220001 99.330002  100.000000 100.000000 
15.600000 15 3 99.260002 99.389999  100.000000 100.000000 
15.800000 15 4 99.260002 99.430000  100.000000 100.000000 
16.000000 16 0 99.230003 99.269997  100.000000 100.000000 
16.200001 16 1 99.279999 99.339996  100.000000 99.980003 
16.400000 16 2 99.199997 99.389999  100.000000 100.000000 
16.600000 16 3 99.250000 99.529999  100.000000 100.000000 
16.799999 16 4 99.250000 99.379997  100.000000 100.000000 
17.000000 17 0 99.239998 99.480003  100.000000 100.000000 
17.200001 17 1 99.269997 99.400002  100.000000 100.000000 
17.400000 17 2 99.239998 99.410004  100.000000 100.000000 
17.600000 17 3 99.279999 99.419998  99.989998 100.000000 
17.799999 17 4 99.230003 99.400002  100.000000 100.000000 
18.000000 18 0 99.260002 99.400002  100.000000 100.000000 
18.200001 18 1 99.269997 99.400002  99.989998 100.000000 
18.400000 18 2 99.250000 99.419998  99.989998 100.000000 
18.600000 18 3 99.269997 99.470001  99.989998 100.000000 
18.799999 18 4 99.250000 99.459999  100.000000 99.989998 
19.000000 19 0 99.190002 99.309998  100.000000 100.000000 
19.200001 19 1 99.250000 99.529999  99.989998 100.000000 
19.400000 19 2 99.250000 99.430000  100.000000 100.000000 
19.600000 19 3 99.220001 99.540001  99.989998 100.000000 
19.799999 19 4 99.209999 99.480003  99.989998 100.000000 
