0.000000 0 0 26.650000 26.719999  80.470001 81.120003 
0.200000 0 1 35.299999 34.990002  87.589996 86.930000 
0.400000 0 2 39.040001 39.200001  88.900002 88.839996 
0.600000 0 3 41.849998 41.439999  89.120003 89.150002 
0.800000 0 4 44.520000 44.540001  90.870003 91.360001 
1.000000 1 0 45.650002 46.070000  91.099998 90.769997 
1.200000 1 1 47.770000 48.180000  91.980003 91.940002 
1.400000 1 2 48.740002 49.380001  92.129997 91.949997 
1.600000 1 3 49.570000 49.110001  92.199997 92.360001 
1.800000 1 4 50.830002 49.880001  92.010002 91.860001 
2.000000 2 0 51.750000 51.500000  92.500000 92.820000 
2.200000 2 1 53.279999 53.779999  93.040001 93.690002 
2.400000 2 2 53.759998 53.660000  93.779999 93.599998 
2.600000 2 3 54.840000 54.630001  94.059998 93.949997 
2.800000 2 4 56.020000 56.639999  93.540001 94.099998 
3.000000 3 0 56.320000 56.380001  93.620003 93.580002 
3.200000 3 1 56.270000 56.220001  93.879997 93.919998 
3.400000 3 2 58.180000 57.509998  94.220001 94.650002 
3.600000 3 3 57.980000 57.549999  94.239998 94.419998 
3.800000 3 4 57.689999 57.790001  94.040001 94.070000 
4.000000 4 0 58.990002 59.950001  94.510002 94.739998 
4.200000 4 1 59.660000 60.689999  94.349998 94.709999 
4.400000 4 2 60.349998 61.240002  94.709999 95.040001 
4.600000 4 3 59.759998 60.799999  93.870003 94.339996 
4.800000 4 4 61.130001 61.880001  94.889999 95.099998 
5.000000 5 0 61.650002 62.500000  94.970001 94.739998 
5.200000 5 1 61.650002 63.200001  95.070000 95.180000 
5.400000 5 2 60.500000 61.500000  94.930000 95.029999 
5.600000 5 3 61.259998 62.709999  94.900002 95.300003 
5.800000 5 4 61.750000 63.180000  94.709999 95.129997 
6.000000 6 0 63.009998 63.610001  95.209999 95.120003 
6.200000 6 1 61.849998 64.019997  94.820000 95.379997 
6.400000 6 2 62.340000 64.199997  95.120003 95.500000 
6.600000 6 3 61.790001 63.400002  94.800003 95.129997 
6.800000 6 4 63.340000 65.050003  95.029999 95.239998 
7.000000 7 0 62.790001 65.580002  95.500000 95.900002 
7.200000 7 1 63.290001 65.769997  95.629997 95.959999 
7.400000 7 2 63.619999 65.860001  95.669998 96.120003 
7.600000 7 3 63.689999 66.019997  95.720001 96.330002 
7.800000 7 4 63.919998 65.510002  95.260002 95.800003 
8.000000 8 0 62.470001 64.400002  95.300003 95.860001 
8.200000 8 1 64.029999 65.129997  95.320000 95.879997 
8.400000 8 2 64.769997 67.599998  96.099998 96.120003 
8.600000 8 3 64.690002 67.870003  95.790001 96.169998 
8.800000 8 4 65.260002 67.550003  95.709999 96.080002 
9.000000 9 0 64.370003 67.040001  96.150002 96.360001 
9.200000 9 1 65.669998 67.980003  96.000000 96.309998 
9.400000 9 2 64.290001 67.040001  95.410004 95.849998 
9.600000 9 3 65.059998 66.849998  95.519997 95.489998 
9.800000 9 4 65.629997 67.750000  95.699997 96.139999 
10.000000 10 0 64.709999 67.300003  95.760002 95.910004 
10.200000 10 1 65.849998 69.029999  95.709999 95.660004 
10.400000 10 2 66.360001 68.779999  96.089996 96.269997 
10.600000 10 3 66.349998 69.919998  96.209999 96.830002 
10.800000 10 4 65.650002 67.959999  95.559998 96.040001 
11.000000 11 0 66.059998 69.970001  96.209999 96.599998 
11.200000 11 1 66.449997 69.110001  95.660004 96.239998 
11.400000 11 2 66.550003 70.559998  95.870003 96.879997 
11.600000 11 3 65.589996 68.580002  95.879997 96.639999 
11.800000 11 4 66.900002 69.599998  95.949997 96.550003 
12.000000 12 0 67.050003 70.029999  96.129997 96.250000 
12.200000 12 1 67.209999 70.769997  96.010002 96.650002 
12.400000 12 2 67.540001 70.519997  96.320000 96.750000 
12.600000 12 3 67.730003 70.209999  96.220001 96.339996 
12.800000 12 4 66.239998 69.220001  95.570000 96.489998 
13.000000 13 0 66.989998 70.970001  95.860001 96.750000 
13.200000 13 1 66.839996 69.169998  95.639999 96.500000 
13.400000 13 2 66.910004 70.480003  96.040001 97.199997 
13.600000 13 3 67.589996 71.040001  95.879997 96.349998 
13.800000 13 4 67.669998 70.900002  96.139999 96.500000 
14.000000 14 0 67.220001 70.580002  95.599998 96.720001 
14.200000 14 1 67.650002 71.050003  96.050003 96.980003 
14.400000 14 2 68.029999 72.269997  96.239998 96.739998 
14.600000 14 3 68.629997 71.720001  96.220001 97.059998 
14.800000 14 4 66.910004 71.419998  95.800003 96.820000 
15.000000 15 0 67.120003 71.120003  95.800003 96.680000 
15.200000 15 1 67.290001 70.470001  95.860001 96.599998 
15.400000 15 2 67.430000 70.620003  95.879997 96.760002 
15.600000 15 3 67.580002 71.400002  95.889999 96.589996 
15.800000 15 4 67.680000 71.220001  95.919998 96.849998 
16.000000 16 0 67.599998 71.500000  95.970001 96.559998 
16.200001 16 1 67.669998 71.809998  95.980003 96.750000 
16.400000 16 2 67.739998 71.550003  96.029999 97.050003 
16.600000 16 3 67.699997 71.760002  96.010002 96.900002 
16.799999 16 4 67.739998 71.949997  96.019997 96.709999 
17.000000 17 0 67.790001 71.589996  96.050003 96.760002 
17.200001 17 1 67.750000 71.260002  96.080002 96.550003 
17.400000 17 2 67.779999 71.760002  96.059998 96.989998 
17.600000 17 3 67.839996 71.489998  96.040001 96.760002 
17.799999 17 4 67.870003 71.800003  96.019997 96.699997 
18.000000 18 0 67.830002 71.580002  96.029999 96.820000 
18.200001 18 1 67.879997 72.669998  96.019997 97.029999 
18.400000 18 2 67.930000 71.669998  96.050003 96.970001 
18.600000 18 3 68.010002 71.900002  96.070000 96.980003 
18.799999 18 4 68.019997 71.440002  96.099998 96.839996 
19.000000 19 0 68.059998 71.290001  96.099998 96.650002 
19.200001 19 1 68.089996 71.949997  96.089996 97.339996 
19.400000 19 2 68.110001 72.029999  96.089996 96.639999 
19.600000 19 3 68.099998 70.870003  96.080002 96.379997 
19.799999 19 4 68.120003 72.050003  96.080002 96.680000 
