network init start

hyperparameters
init_weight_range 0.000000 ,xavier
learning_rate 0.001000
lambda1 0.000000
lambda2 0.000000
dropout 0.200000
minibatch size 32

   DENSE CONVOLUTION  [   28    28     1] [    3     3    16] [   28    28    17] [       144         16][    125440]
                RELU  [   28    28    17] [    1     1     1] [   28    28    17] [         0          0][     26656]
   DENSE CONVOLUTION  [   28    28    17] [    3     3    16] [   28    28    33] [      2448         16][   1931776]
                RELU  [   28    28    33] [    1     1     1] [   28    28    33] [         0          0][     51744]
   DENSE CONVOLUTION  [   28    28    33] [    3     3    16] [   28    28    49] [      4752         16][   3738112]
                RELU  [   28    28    49] [    1     1     1] [   28    28    49] [         0          0][     76832]
   DENSE CONVOLUTION  [   28    28    49] [    3     3    16] [   28    28    65] [      7056         16][   5544448]
                RELU  [   28    28    65] [    1     1     1] [   28    28    65] [         0          0][    101920]
         CONVOLUTION  [   28    28    65] [    1     1     1] [   28    28     1] [        65          1][     51744]

input_geometry  [28 28 1]
output_geometry [28 28 1]
network flops operations 11648672 FLOPS, 0.011649 GFLOPS
init DONE

network destructor done
