initializing
training size    : 100000
testing size     : 5000
epoch count      : 10
sub epoch size   : 5

epoch_learning_rate_decay   : 8
learning_rate_decay         : 0.250000

training



epoch [0 0] from [10 5]
training time per iterations 2.077850[ms]
testing
testing done
network success rate top1 91.919998% 90.300003% 
network success rate top5 100.000000% 100.000000% 
saving best net in top 1
best net saved to line_network_2/trained/, with success rate 91.919998%



epoch [0 1] from [10 5]
training time per iterations 2.078200[ms]
testing
testing done
network success rate top1 93.260002% 92.080002% 
network success rate top5 100.000000% 100.000000% 
saving best net in top 1
best net saved to line_network_2/trained/, with success rate 93.260002%



epoch [0 2] from [10 5]
training time per iterations 2.368250[ms]
testing
testing done
network success rate top1 94.279999% 93.959999% 
network success rate top5 100.000000% 100.000000% 
saving best net in top 1
best net saved to line_network_2/trained/, with success rate 94.279999%



epoch [0 3] from [10 5]
training time per iterations 1.786750[ms]
testing
testing done
network success rate top1 94.620003% 94.199997% 
network success rate top5 100.000000% 100.000000% 
saving best net in top 1
best net saved to line_network_2/trained/, with success rate 94.620003%



epoch [0 4] from [10 5]
training time per iterations 1.660650[ms]
testing
testing done
network success rate top1 94.699997% 93.980003% 
network success rate top5 100.000000% 100.000000% 
saving best net in top 1
best net saved to line_network_2/trained/, with success rate 94.699997%



epoch [1 0] from [10 5]
training time per iterations 1.657850[ms]
testing
testing done
network success rate top1 94.980003% 95.040001% 
network success rate top5 100.000000% 100.000000% 
saving best net in top 1
best net saved to line_network_2/trained/, with success rate 94.980003%



epoch [1 1] from [10 5]
training time per iterations 1.658950[ms]
testing
testing done
network success rate top1 95.199997% 95.160004% 
network success rate top5 100.000000% 100.000000% 
saving best net in top 1
best net saved to line_network_2/trained/, with success rate 95.199997%



epoch [1 2] from [10 5]
training time per iterations 1.656550[ms]
testing
testing done
network success rate top1 95.139999% 95.419998% 
network success rate top5 100.000000% 100.000000% 



epoch [1 3] from [10 5]
training time per iterations 1.652550[ms]
testing
testing done
network success rate top1 95.279999% 95.220001% 
network success rate top5 100.000000% 100.000000% 
saving best net in top 1
best net saved to line_network_2/trained/, with success rate 95.279999%



epoch [1 4] from [10 5]
training time per iterations 1.656300[ms]
testing
testing done
network success rate top1 95.480003% 95.459999% 
network success rate top5 100.000000% 100.000000% 
saving best net in top 1
best net saved to line_network_2/trained/, with success rate 95.480003%



epoch [2 0] from [10 5]
training time per iterations 1.662200[ms]
testing
testing done
network success rate top1 95.660004% 95.260002% 
network success rate top5 100.000000% 100.000000% 
saving best net in top 1
best net saved to line_network_2/trained/, with success rate 95.660004%



epoch [2 1] from [10 5]
training time per iterations 1.661650[ms]
testing
testing done
network success rate top1 95.480003% 95.239998% 
network success rate top5 100.000000% 100.000000% 



epoch [2 2] from [10 5]
training time per iterations 1.660300[ms]
testing
testing done
network success rate top1 95.779999% 95.400002% 
network success rate top5 100.000000% 100.000000% 
saving best net in top 1
best net saved to line_network_2/trained/, with success rate 95.779999%



epoch [2 3] from [10 5]
training time per iterations 1.665750[ms]
testing
testing done
network success rate top1 95.720001% 95.139999% 
network success rate top5 100.000000% 100.000000% 



epoch [2 4] from [10 5]
training time per iterations 1.662350[ms]
testing
testing done
network success rate top1 95.820000% 95.000000% 
network success rate top5 100.000000% 100.000000% 
saving best net in top 1
best net saved to line_network_2/trained/, with success rate 95.820000%



epoch [3 0] from [10 5]
training time per iterations 1.660750[ms]
testing
testing done
network success rate top1 95.720001% 95.180000% 
network success rate top5 100.000000% 100.000000% 



epoch [3 1] from [10 5]
training time per iterations 1.662150[ms]
testing
testing done
network success rate top1 95.680000% 94.820000% 
network success rate top5 100.000000% 100.000000% 



epoch [3 2] from [10 5]
training time per iterations 1.781450[ms]
testing
testing done
network success rate top1 96.000000% 95.379997% 
network success rate top5 100.000000% 100.000000% 
saving best net in top 1
best net saved to line_network_2/trained/, with success rate 96.000000%



epoch [3 3] from [10 5]
training time per iterations 1.647550[ms]
testing
testing done
network success rate top1 96.080002% 95.339996% 
network success rate top5 100.000000% 100.000000% 
saving best net in top 1
best net saved to line_network_2/trained/, with success rate 96.080002%



epoch [3 4] from [10 5]
training time per iterations 1.664300[ms]
testing
testing done
network success rate top1 96.080002% 95.519997% 
network success rate top5 100.000000% 100.000000% 



epoch [4 0] from [10 5]
training time per iterations 1.665200[ms]
testing
testing done
network success rate top1 95.879997% 96.019997% 
network success rate top5 100.000000% 100.000000% 



epoch [4 1] from [10 5]
training time per iterations 1.665450[ms]
testing
testing done
network success rate top1 95.980003% 95.839996% 
network success rate top5 100.000000% 100.000000% 



epoch [4 2] from [10 5]
training time per iterations 1.665750[ms]
testing
testing done
network success rate top1 96.000000% 95.500000% 
network success rate top5 100.000000% 100.000000% 



epoch [4 3] from [10 5]
training time per iterations 1.661050[ms]
testing
testing done
network success rate top1 95.919998% 96.180000% 
network success rate top5 100.000000% 100.000000% 



epoch [4 4] from [10 5]
training time per iterations 1.661050[ms]
testing
testing done
network success rate top1 96.059998% 95.660004% 
network success rate top5 100.000000% 100.000000% 



epoch [5 0] from [10 5]
training time per iterations 1.663800[ms]
testing
testing done
network success rate top1 95.760002% 95.180000% 
network success rate top5 100.000000% 100.000000% 



epoch [5 1] from [10 5]
training time per iterations 1.662450[ms]
testing
testing done
network success rate top1 96.320000% 95.680000% 
network success rate top5 100.000000% 100.000000% 
saving best net in top 1
best net saved to line_network_2/trained/, with success rate 96.320000%



epoch [5 2] from [10 5]
training time per iterations 1.677450[ms]
testing
testing done
network success rate top1 96.220001% 95.480003% 
network success rate top5 100.000000% 100.000000% 



epoch [5 3] from [10 5]
training time per iterations 1.729200[ms]
testing
testing done
network success rate top1 96.279999% 96.260002% 
network success rate top5 100.000000% 100.000000% 



epoch [5 4] from [10 5]
training time per iterations 1.569350[ms]
testing
testing done
network success rate top1 96.239998% 95.680000% 
network success rate top5 100.000000% 100.000000% 



epoch [6 0] from [10 5]
training time per iterations 1.579350[ms]
testing
testing done
network success rate top1 96.099998% 95.779999% 
network success rate top5 100.000000% 100.000000% 



epoch [6 1] from [10 5]
training time per iterations 1.577500[ms]
testing
testing done
network success rate top1 96.379997% 95.559998% 
network success rate top5 100.000000% 100.000000% 
saving best net in top 1
best net saved to line_network_2/trained/, with success rate 96.379997%



epoch [6 2] from [10 5]
training time per iterations 1.575600[ms]
testing
testing done
network success rate top1 96.099998% 95.739998% 
network success rate top5 100.000000% 100.000000% 



epoch [6 3] from [10 5]
training time per iterations 1.576300[ms]
testing
testing done
network success rate top1 96.459999% 96.300003% 
network success rate top5 100.000000% 100.000000% 
saving best net in top 1
best net saved to line_network_2/trained/, with success rate 96.459999%



epoch [6 4] from [10 5]
training time per iterations 1.924950[ms]
testing
testing done
network success rate top1 96.559998% 95.860001% 
network success rate top5 100.000000% 100.000000% 
saving best net in top 1
best net saved to line_network_2/trained/, with success rate 96.559998%



epoch [7 0] from [10 5]
training time per iterations 1.809650[ms]
testing
testing done
network success rate top1 96.620003% 95.900002% 
network success rate top5 100.000000% 100.000000% 
saving best net in top 1
best net saved to line_network_2/trained/, with success rate 96.620003%



epoch [7 1] from [10 5]
training time per iterations 2.512900[ms]
testing
testing done
network success rate top1 96.339996% 95.080002% 
network success rate top5 100.000000% 100.000000% 



epoch [7 2] from [10 5]
training time per iterations 2.265300[ms]
testing
testing done
network success rate top1 96.279999% 95.620003% 
network success rate top5 100.000000% 100.000000% 



epoch [7 3] from [10 5]
training time per iterations 1.780000[ms]
testing
testing done
network success rate top1 96.339996% 96.180000% 
network success rate top5 100.000000% 100.000000% 



epoch [7 4] from [10 5]
training time per iterations 1.735200[ms]
testing
testing done
network success rate top1 96.160004% 96.180000% 
network success rate top5 100.000000% 100.000000% 
setting learning rate to 0.000250



epoch [8 0] from [10 5]
training time per iterations 1.710700[ms]
testing
testing done
network success rate top1 96.339996% 95.699997% 
network success rate top5 100.000000% 100.000000% 



epoch [8 1] from [10 5]
training time per iterations 1.688000[ms]
testing
testing done
network success rate top1 96.480003% 96.080002% 
network success rate top5 100.000000% 100.000000% 



epoch [8 2] from [10 5]
training time per iterations 1.648000[ms]
testing
testing done
network success rate top1 96.419998% 95.820000% 
network success rate top5 100.000000% 100.000000% 



epoch [8 3] from [10 5]
training time per iterations 1.653500[ms]
testing
testing done
network success rate top1 96.500000% 96.040001% 
network success rate top5 100.000000% 100.000000% 



epoch [8 4] from [10 5]
training time per iterations 1.644650[ms]
testing
testing done
network success rate top1 96.400002% 96.440002% 
network success rate top5 100.000000% 100.000000% 



epoch [9 0] from [10 5]
training time per iterations 1.651100[ms]
testing
testing done
network success rate top1 96.559998% 96.000000% 
network success rate top5 100.000000% 100.000000% 



epoch [9 1] from [10 5]
training time per iterations 1.653000[ms]
testing
testing done
network success rate top1 96.480003% 96.019997% 
network success rate top5 100.000000% 100.000000% 



epoch [9 2] from [10 5]
training time per iterations 1.677750[ms]
testing
testing done
network success rate top1 96.559998% 95.860001% 
network success rate top5 100.000000% 100.000000% 



epoch [9 3] from [10 5]
training time per iterations 1.654050[ms]
testing
testing done
network success rate top1 96.400002% 95.459999% 
network success rate top5 100.000000% 100.000000% 



epoch [9 4] from [10 5]
training time per iterations 1.647000[ms]
testing
testing done
network success rate top1 96.360001% 95.900002% 
network success rate top5 100.000000% 100.000000% 
training done
