0.000000 0 0 91.919998 90.300003  100.000000 100.000000 
0.200000 0 1 93.260002 92.080002  100.000000 100.000000 
0.400000 0 2 94.279999 93.959999  100.000000 100.000000 
0.600000 0 3 94.620003 94.199997  100.000000 100.000000 
0.800000 0 4 94.699997 93.980003  100.000000 100.000000 
1.000000 1 0 94.980003 95.040001  100.000000 100.000000 
1.200000 1 1 95.199997 95.160004  100.000000 100.000000 
1.400000 1 2 95.139999 95.419998  100.000000 100.000000 
1.600000 1 3 95.279999 95.220001  100.000000 100.000000 
1.800000 1 4 95.480003 95.459999  100.000000 100.000000 
2.000000 2 0 95.660004 95.260002  100.000000 100.000000 
2.200000 2 1 95.480003 95.239998  100.000000 100.000000 
2.400000 2 2 95.779999 95.400002  100.000000 100.000000 
2.600000 2 3 95.720001 95.139999  100.000000 100.000000 
2.800000 2 4 95.820000 95.000000  100.000000 100.000000 
3.000000 3 0 95.720001 95.180000  100.000000 100.000000 
3.200000 3 1 95.680000 94.820000  100.000000 100.000000 
3.400000 3 2 96.000000 95.379997  100.000000 100.000000 
3.600000 3 3 96.080002 95.339996  100.000000 100.000000 
3.800000 3 4 96.080002 95.519997  100.000000 100.000000 
4.000000 4 0 95.879997 96.019997  100.000000 100.000000 
4.200000 4 1 95.980003 95.839996  100.000000 100.000000 
4.400000 4 2 96.000000 95.500000  100.000000 100.000000 
4.600000 4 3 95.919998 96.180000  100.000000 100.000000 
4.800000 4 4 96.059998 95.660004  100.000000 100.000000 
5.000000 5 0 95.760002 95.180000  100.000000 100.000000 
5.200000 5 1 96.320000 95.680000  100.000000 100.000000 
5.400000 5 2 96.220001 95.480003  100.000000 100.000000 
5.600000 5 3 96.279999 96.260002  100.000000 100.000000 
5.800000 5 4 96.239998 95.680000  100.000000 100.000000 
6.000000 6 0 96.099998 95.779999  100.000000 100.000000 
6.200000 6 1 96.379997 95.559998  100.000000 100.000000 
6.400000 6 2 96.099998 95.739998  100.000000 100.000000 
6.600000 6 3 96.459999 96.300003  100.000000 100.000000 
6.800000 6 4 96.559998 95.860001  100.000000 100.000000 
7.000000 7 0 96.620003 95.900002  100.000000 100.000000 
7.200000 7 1 96.339996 95.080002  100.000000 100.000000 
7.400000 7 2 96.279999 95.620003  100.000000 100.000000 
7.600000 7 3 96.339996 96.180000  100.000000 100.000000 
7.800000 7 4 96.160004 96.180000  100.000000 100.000000 
8.000000 8 0 96.339996 95.699997  100.000000 100.000000 
8.200000 8 1 96.480003 96.080002  100.000000 100.000000 
8.400000 8 2 96.419998 95.820000  100.000000 100.000000 
8.600000 8 3 96.500000 96.040001  100.000000 100.000000 
8.800000 8 4 96.400002 96.440002  100.000000 100.000000 
9.000000 9 0 96.559998 96.000000  100.000000 100.000000 
9.200000 9 1 96.480003 96.019997  100.000000 100.000000 
9.400000 9 2 96.559998 95.860001  100.000000 100.000000 
9.600000 9 3 96.400002 95.459999  100.000000 100.000000 
9.800000 9 4 96.360001 95.900002  100.000000 100.000000 
