initializing
training size    : 60000
testing size     : 10000
epoch count      : 1
sub epoch size   : 5

epoch_learning_rate_decay   : 8
learning_rate_decay         : 0.250000

training



epoch [0 0] from [1 5]
training time per iterations 20.529917[ms]
testing on 10000 items
testing done
average error 0.011506
min error     0.000000
max error     1.255978
saving best net
error testing = 0.011506 0.000000 1.255978
error training = 0.011617 0.000000 1.254711

best net saved to net_1/trained/, with error 0.011506



epoch [0 1] from [1 5]
training time per iterations 20.522333[ms]
testing on 10000 items
testing done
average error 0.009675
min error     0.000000
max error     1.145514
saving best net
error testing = 0.009675 0.000000 1.145514
error training = 0.009765 0.000000 1.141663

best net saved to net_1/trained/, with error 0.009675



epoch [0 2] from [1 5]
training time per iterations 20.528500[ms]
testing on 10000 items
testing done
average error 0.009349
min error     0.000000
max error     1.111906
saving best net
error testing = 0.009349 0.000000 1.111906
error training = 0.009428 0.000000 1.109204

best net saved to net_1/trained/, with error 0.009349



epoch [0 3] from [1 5]
training time per iterations 20.544167[ms]
testing on 10000 items
testing done
average error 0.009206
min error     0.000000
max error     1.070864
saving best net
error testing = 0.009206 0.000000 1.070864
error training = 0.009210 0.000000 1.047816

best net saved to net_1/trained/, with error 0.009206



epoch [0 4] from [1 5]
training time per iterations 20.542333[ms]
testing on 10000 items
testing done
average error 0.007920
min error     0.000000
max error     1.402104
saving best net
error testing = 0.007920 0.000000 1.402104
error training = 0.008058 0.000000 1.192836

best net saved to net_1/trained/, with error 0.007920
training done
