initializing
training size    : 100000
testing size     : 5000
epoch count      : 10
sub epoch size   : 5

epoch_learning_rate_decay   : 8
learning_rate_decay         : 0.250000

training



epoch [0 0] from [10 5]
training time per iterations 1.711700[ms]
testing
testing done
network success rate top1 92.320000% 92.239998% 
network success rate top5 100.000000% 100.000000% 
saving best net in top 1
best net saved to line_network_3/trained/, with success rate 92.320000%



epoch [0 1] from [10 5]
training time per iterations 1.706350[ms]
testing
testing done
network success rate top1 93.800003% 93.120003% 
network success rate top5 100.000000% 100.000000% 
saving best net in top 1
best net saved to line_network_3/trained/, with success rate 93.800003%



epoch [0 2] from [10 5]
training time per iterations 1.725950[ms]
testing
testing done
network success rate top1 94.680000% 93.860001% 
network success rate top5 100.000000% 100.000000% 
saving best net in top 1
best net saved to line_network_3/trained/, with success rate 94.680000%



epoch [0 3] from [10 5]
training time per iterations 1.830500[ms]
testing
testing done
network success rate top1 94.580002% 94.279999% 
network success rate top5 100.000000% 100.000000% 



epoch [0 4] from [10 5]
training time per iterations 2.060150[ms]
testing
testing done
network success rate top1 94.900002% 94.720001% 
network success rate top5 100.000000% 100.000000% 
saving best net in top 1
best net saved to line_network_3/trained/, with success rate 94.900002%



epoch [1 0] from [10 5]
training time per iterations 2.089600[ms]
testing
testing done
network success rate top1 95.360001% 95.059998% 
network success rate top5 100.000000% 100.000000% 
saving best net in top 1
best net saved to line_network_3/trained/, with success rate 95.360001%



epoch [1 1] from [10 5]
training time per iterations 1.847100[ms]
testing
testing done
network success rate top1 95.419998% 95.379997% 
network success rate top5 100.000000% 100.000000% 
saving best net in top 1
best net saved to line_network_3/trained/, with success rate 95.419998%



epoch [1 2] from [10 5]
training time per iterations 2.106950[ms]
testing
testing done
network success rate top1 95.379997% 95.900002% 
network success rate top5 100.000000% 100.000000% 



epoch [1 3] from [10 5]
training time per iterations 1.909100[ms]
testing
testing done
network success rate top1 95.500000% 95.540001% 
network success rate top5 100.000000% 100.000000% 
saving best net in top 1
best net saved to line_network_3/trained/, with success rate 95.500000%



epoch [1 4] from [10 5]
training time per iterations 1.645700[ms]
testing
testing done
network success rate top1 95.800003% 95.080002% 
network success rate top5 100.000000% 100.000000% 
saving best net in top 1
best net saved to line_network_3/trained/, with success rate 95.800003%



epoch [2 0] from [10 5]
training time per iterations 1.673000[ms]
testing
testing done
network success rate top1 96.019997% 95.440002% 
network success rate top5 100.000000% 100.000000% 
saving best net in top 1
best net saved to line_network_3/trained/, with success rate 96.019997%



epoch [2 1] from [10 5]
training time per iterations 2.111600[ms]
testing
testing done
network success rate top1 95.559998% 95.160004% 
network success rate top5 100.000000% 100.000000% 



epoch [2 2] from [10 5]
training time per iterations 2.315900[ms]
testing
testing done
network success rate top1 96.099998% 95.580002% 
network success rate top5 100.000000% 100.000000% 
saving best net in top 1
best net saved to line_network_3/trained/, with success rate 96.099998%



epoch [2 3] from [10 5]
training time per iterations 1.857100[ms]
testing
testing done
network success rate top1 95.620003% 95.459999% 
network success rate top5 100.000000% 100.000000% 



epoch [2 4] from [10 5]
training time per iterations 1.689850[ms]
testing
testing done
network success rate top1 96.040001% 95.519997% 
network success rate top5 100.000000% 100.000000% 



epoch [3 0] from [10 5]
training time per iterations 1.688900[ms]
testing
testing done
network success rate top1 96.120003% 96.180000% 
network success rate top5 100.000000% 100.000000% 
saving best net in top 1
best net saved to line_network_3/trained/, with success rate 96.120003%



epoch [3 1] from [10 5]
training time per iterations 1.991700[ms]
testing
testing done
network success rate top1 96.260002% 95.980003% 
network success rate top5 100.000000% 100.000000% 
saving best net in top 1
best net saved to line_network_3/trained/, with success rate 96.260002%



epoch [3 2] from [10 5]
training time per iterations 1.694150[ms]
testing
testing done
network success rate top1 96.180000% 95.860001% 
network success rate top5 100.000000% 100.000000% 



epoch [3 3] from [10 5]
training time per iterations 1.654600[ms]
testing
testing done
network success rate top1 96.339996% 96.099998% 
network success rate top5 100.000000% 100.000000% 
saving best net in top 1
best net saved to line_network_3/trained/, with success rate 96.339996%



epoch [3 4] from [10 5]
training time per iterations 1.644150[ms]
testing
testing done
network success rate top1 96.320000% 96.639999% 
network success rate top5 100.000000% 100.000000% 



epoch [4 0] from [10 5]
training time per iterations 1.636500[ms]
testing
testing done
network success rate top1 95.839996% 95.559998% 
network success rate top5 100.000000% 100.000000% 



epoch [4 1] from [10 5]
training time per iterations 1.644600[ms]
testing
testing done
network success rate top1 96.400002% 96.160004% 
network success rate top5 100.000000% 100.000000% 
saving best net in top 1
best net saved to line_network_3/trained/, with success rate 96.400002%



epoch [4 2] from [10 5]
training time per iterations 1.699650[ms]
testing
testing done
network success rate top1 96.160004% 96.239998% 
network success rate top5 100.000000% 100.000000% 



epoch [4 3] from [10 5]
