network init start

hyperparameters
init_weight_range 0.000000 ,xavier
learning_rate 0.001000
lambda1 0.000050
lambda2 0.100000
dropout 0.200000
minibatch size 32

   DENSE CONVOLUTION  [    8     8     1] [    3     3     8] [    8     8     9] [        72          8][      5120]
                RELU  [    8     8     9] [    1     1     1] [    8     8     9] [         0          0][      1152]
   DENSE CONVOLUTION  [    8     8     9] [    3     3     8] [    8     8    17] [       648          8][     41984]
                RELU  [    8     8    17] [    1     1     1] [    8     8    17] [         0          0][      2176]
   DENSE CONVOLUTION  [    8     8    17] [    3     3     8] [    8     8    25] [      1224          8][     78848]
                RELU  [    8     8    25] [    1     1     1] [    8     8    25] [         0          0][      3200]
   DENSE CONVOLUTION  [    8     8    25] [    3     3     8] [    8     8    33] [      1800          8][    115712]
                RELU  [    8     8    33] [    1     1     1] [    8     8    33] [         0          0][      4224]
         CONVOLUTION  [    8     8    33] [    3     3    16] [    8     8    16] [      4752         16][    305152]
                RELU  [    8     8    16] [    1     1     1] [    8     8    16] [         0          0][      2048]
             DROPOUT  [    8     8    16] [    1     1     1] [    8     8    16] [         0          0][      2048]
                  FC  [    8     8    16] [    1     1     5] [    1     1     5] [      5120          5][     10250]

input_geometry  [8 8 1]
output_geometry [1 1 5]
network flops operations 571914 FLOPS, 0.000572 GFLOPS
init DONE

