0.000000 0 0 92.320000 92.239998  100.000000 100.000000 
0.200000 0 1 93.800003 93.120003  100.000000 100.000000 
0.400000 0 2 94.680000 93.860001  100.000000 100.000000 
0.600000 0 3 94.580002 94.279999  100.000000 100.000000 
0.800000 0 4 94.900002 94.720001  100.000000 100.000000 
1.000000 1 0 95.360001 95.059998  100.000000 100.000000 
1.200000 1 1 95.419998 95.379997  100.000000 100.000000 
1.400000 1 2 95.379997 95.900002  100.000000 100.000000 
1.600000 1 3 95.500000 95.540001  100.000000 100.000000 
1.800000 1 4 95.800003 95.080002  100.000000 100.000000 
2.000000 2 0 96.019997 95.440002  100.000000 100.000000 
2.200000 2 1 95.559998 95.160004  100.000000 100.000000 
2.400000 2 2 96.099998 95.580002  100.000000 100.000000 
2.600000 2 3 95.620003 95.459999  100.000000 100.000000 
2.800000 2 4 96.040001 95.519997  100.000000 100.000000 
3.000000 3 0 96.120003 96.180000  100.000000 100.000000 
3.200000 3 1 96.260002 95.980003  100.000000 100.000000 
3.400000 3 2 96.180000 95.860001  100.000000 100.000000 
3.600000 3 3 96.339996 96.099998  100.000000 100.000000 
3.800000 3 4 96.320000 96.639999  100.000000 100.000000 
4.000000 4 0 95.839996 95.559998  100.000000 100.000000 
4.200000 4 1 96.400002 96.160004  100.000000 100.000000 
4.400000 4 2 96.160004 96.239998  100.000000 100.000000 
