initializing
training size    : 60000
testing size     : 10000
epoch count      : 20
sub epoch size   : 5

epoch_learning_rate_decay   : 15
learning_rate_decay         : 0.250000

training



epoch [0 0] from [20 5]
training time per iterations 3.770710[ms]
testing
testing done
network success rate top1 97.050003% 96.760002% 
network success rate top5 99.900002% 99.889999% 
saving best net in top 1
best net saved to mnist_0/trained/, with success rate 97.050003%



epoch [0 1] from [20 5]
training time per iterations 3.738273[ms]
testing
testing done
network success rate top1 98.010002% 97.559998% 
network success rate top5 99.949997% 99.930000% 
saving best net in top 1
best net saved to mnist_0/trained/, with success rate 98.010002%



epoch [0 2] from [20 5]
training time per iterations 3.680736[ms]
testing
testing done
network success rate top1 98.370003% 97.680000% 
network success rate top5 99.980003% 99.949997% 
saving best net in top 1
best net saved to mnist_0/trained/, with success rate 98.370003%



epoch [0 3] from [20 5]
training time per iterations 3.683406[ms]
testing
testing done
network success rate top1 98.470001% 97.879997% 
network success rate top5 99.980003% 99.989998% 
saving best net in top 1
best net saved to mnist_0/trained/, with success rate 98.470001%



epoch [0 4] from [20 5]
training time per iterations 3.681052[ms]
testing
testing done
network success rate top1 98.660004% 98.290001% 
network success rate top5 99.970001% 100.000000% 
saving best net in top 1
best net saved to mnist_0/trained/, with success rate 98.660004%



epoch [1 0] from [20 5]
training time per iterations 3.681349[ms]
testing
testing done
network success rate top1 98.709999% 98.589996% 
network success rate top5 99.989998% 99.989998% 
saving best net in top 1
best net saved to mnist_0/trained/, with success rate 98.709999%



epoch [1 1] from [20 5]
training time per iterations 3.677934[ms]
testing
testing done
network success rate top1 98.779999% 98.570000% 
network success rate top5 99.989998% 100.000000% 
saving best net in top 1
best net saved to mnist_0/trained/, with success rate 98.779999%



epoch [1 2] from [20 5]
training time per iterations 3.677310[ms]
testing
testing done
network success rate top1 98.889999% 98.589996% 
network success rate top5 99.980003% 99.989998% 
saving best net in top 1
best net saved to mnist_0/trained/, with success rate 98.889999%



epoch [1 3] from [20 5]
training time per iterations 3.682665[ms]
testing
testing done
network success rate top1 98.889999% 98.760002% 
network success rate top5 100.000000% 99.989998% 



epoch [1 4] from [20 5]
training time per iterations 3.764057[ms]
testing
testing done
network success rate top1 98.910004% 98.860001% 
network success rate top5 99.980003% 99.980003% 
saving best net in top 1
best net saved to mnist_0/trained/, with success rate 98.910004%



epoch [2 0] from [20 5]
training time per iterations 4.095331[ms]
testing
testing done
network success rate top1 99.010002% 98.889999% 
network success rate top5 99.989998% 99.980003% 
saving best net in top 1
best net saved to mnist_0/trained/, with success rate 99.010002%



epoch [2 1] from [20 5]
training time per iterations 4.255144[ms]
testing
testing done
network success rate top1 98.980003% 98.940002% 
network success rate top5 99.989998% 99.970001% 



epoch [2 2] from [20 5]
training time per iterations 4.276190[ms]
testing
testing done
network success rate top1 99.010002% 98.930000% 
network success rate top5 99.989998% 100.000000% 



epoch [2 3] from [20 5]
training time per iterations 4.599765[ms]
testing
testing done
network success rate top1 99.040001% 98.970001% 
network success rate top5 99.989998% 100.000000% 
saving best net in top 1
best net saved to mnist_0/trained/, with success rate 99.040001%



epoch [2 4] from [20 5]
training time per iterations 5.243688[ms]
testing
testing done
network success rate top1 99.120003% 99.110001% 
network success rate top5 99.989998% 100.000000% 
saving best net in top 1
best net saved to mnist_0/trained/, with success rate 99.120003%



epoch [3 0] from [20 5]
training time per iterations 4.418809[ms]
testing
testing done
network success rate top1 99.150002% 99.139999% 
network success rate top5 99.989998% 100.000000% 
saving best net in top 1
best net saved to mnist_0/trained/, with success rate 99.150002%



epoch [3 1] from [20 5]
training time per iterations 4.529661[ms]
testing
testing done
network success rate top1 99.070000% 99.180000% 
network success rate top5 99.989998% 100.000000% 



epoch [3 2] from [20 5]
training time per iterations 4.240704[ms]
testing
testing done
network success rate top1 99.129997% 99.029999% 
network success rate top5 99.989998% 99.989998% 



epoch [3 3] from [20 5]
training time per iterations 4.394671[ms]
testing
testing done
network success rate top1 99.129997% 99.220001% 
network success rate top5 99.989998% 99.989998% 



epoch [3 4] from [20 5]
training time per iterations 4.548291[ms]
testing
testing done
network success rate top1 99.160004% 99.150002% 
network success rate top5 99.989998% 100.000000% 
saving best net in top 1
best net saved to mnist_0/trained/, with success rate 99.160004%



epoch [4 0] from [20 5]
training time per iterations 4.298405[ms]
testing
testing done
network success rate top1 99.220001% 99.239998% 
network success rate top5 99.989998% 100.000000% 
saving best net in top 1
best net saved to mnist_0/trained/, with success rate 99.220001%



epoch [4 1] from [20 5]
training time per iterations 4.278557[ms]
testing
testing done
network success rate top1 99.169998% 99.110001% 
network success rate top5 100.000000% 100.000000% 



epoch [4 2] from [20 5]
training time per iterations 3.925653[ms]
testing
testing done
network success rate top1 99.089996% 99.139999% 
network success rate top5 100.000000% 100.000000% 



epoch [4 3] from [20 5]
training time per iterations 3.988907[ms]
testing
testing done
network success rate top1 99.129997% 99.220001% 
network success rate top5 100.000000% 100.000000% 



epoch [4 4] from [20 5]
training time per iterations 4.626494[ms]
testing
testing done
network success rate top1 99.220001% 99.260002% 
network success rate top5 100.000000% 99.970001% 



epoch [5 0] from [20 5]
training time per iterations 4.664956[ms]
testing
testing done
network success rate top1 99.230003% 99.269997% 
network success rate top5 100.000000% 100.000000% 
saving best net in top 1
best net saved to mnist_0/trained/, with success rate 99.230003%



epoch [5 1] from [20 5]
training time per iterations 3.706065[ms]
testing
testing done
network success rate top1 99.279999% 99.239998% 
network success rate top5 99.989998% 100.000000% 
saving best net in top 1
best net saved to mnist_0/trained/, with success rate 99.279999%



epoch [5 2] from [20 5]
training time per iterations 4.060189[ms]
testing
testing done
network success rate top1 99.209999% 99.290001% 
network success rate top5 99.989998% 99.989998% 



epoch [5 3] from [20 5]
training time per iterations 4.562033[ms]
testing
testing done
network success rate top1 99.220001% 99.250000% 
network success rate top5 99.989998% 99.989998% 



epoch [5 4] from [20 5]
training time per iterations 4.519484[ms]
testing
testing done
network success rate top1 99.290001% 99.400002% 
network success rate top5 99.989998% 100.000000% 
saving best net in top 1
best net saved to mnist_0/trained/, with success rate 99.290001%



epoch [6 0] from [20 5]
training time per iterations 4.427162[ms]
testing
testing done
network success rate top1 99.260002% 99.290001% 
network success rate top5 99.989998% 100.000000% 



epoch [6 1] from [20 5]
training time per iterations 4.472421[ms]
testing
testing done
network success rate top1 99.239998% 99.220001% 
network success rate top5 100.000000% 99.989998% 



epoch [6 2] from [20 5]
training time per iterations 3.764154[ms]
testing
testing done
network success rate top1 99.230003% 99.190002% 
network success rate top5 99.989998% 100.000000% 



epoch [6 3] from [20 5]
training time per iterations 3.685954[ms]
testing
testing done
network success rate top1 99.250000% 99.230003% 
network success rate top5 99.989998% 99.989998% 



epoch [6 4] from [20 5]
training time per iterations 3.683602[ms]
testing
testing done
network success rate top1 99.239998% 99.349998% 
network success rate top5 99.989998% 99.989998% 



epoch [7 0] from [20 5]
training time per iterations 3.689491[ms]
testing
testing done
network success rate top1 99.239998% 99.339996% 
network success rate top5 100.000000% 100.000000% 



epoch [7 1] from [20 5]
training time per iterations 3.683828[ms]
testing
testing done
network success rate top1 99.370003% 99.379997% 
network success rate top5 100.000000% 100.000000% 
saving best net in top 1
best net saved to mnist_0/trained/, with success rate 99.370003%



epoch [7 2] from [20 5]
training time per iterations 3.684379[ms]
testing
testing done
network success rate top1 99.300003% 99.419998% 
network success rate top5 100.000000% 99.989998% 



epoch [7 3] from [20 5]
training time per iterations 3.683495[ms]
testing
testing done
network success rate top1 99.360001% 99.209999% 
network success rate top5 99.989998% 100.000000% 



epoch [7 4] from [20 5]
training time per iterations 3.687127[ms]
testing
testing done
network success rate top1 99.290001% 99.330002% 
network success rate top5 99.989998% 99.980003% 



epoch [8 0] from [20 5]
training time per iterations 3.686014[ms]
testing
testing done
network success rate top1 99.250000% 99.389999% 
network success rate top5 99.989998% 100.000000% 



epoch [8 1] from [20 5]
training time per iterations 3.684864[ms]
testing
testing done
network success rate top1 99.360001% 99.440002% 
network success rate top5 99.989998% 100.000000% 



epoch [8 2] from [20 5]
training time per iterations 3.690287[ms]
testing
testing done
network success rate top1 99.339996% 99.419998% 
network success rate top5 99.989998% 100.000000% 



epoch [8 3] from [20 5]
training time per iterations 3.685809[ms]
testing
testing done
network success rate top1 99.300003% 99.510002% 
network success rate top5 99.989998% 100.000000% 



epoch [8 4] from [20 5]
training time per iterations 3.686533[ms]
testing
testing done
network success rate top1 99.269997% 99.459999% 
network success rate top5 99.989998% 100.000000% 



epoch [9 0] from [20 5]
training time per iterations 3.685974[ms]
testing
testing done
network success rate top1 99.349998% 99.419998% 
network success rate top5 99.989998% 100.000000% 



epoch [9 1] from [20 5]
training time per iterations 3.696795[ms]
testing
testing done
network success rate top1 99.339996% 99.419998% 
network success rate top5 99.989998% 100.000000% 



epoch [9 2] from [20 5]
training time per iterations 3.685621[ms]
testing
testing done
network success rate top1 99.279999% 99.419998% 
network success rate top5 99.989998% 100.000000% 



epoch [9 3] from [20 5]
training time per iterations 3.685746[ms]
testing
testing done
network success rate top1 99.349998% 99.480003% 
network success rate top5 99.989998% 99.980003% 



epoch [9 4] from [20 5]
training time per iterations 3.686621[ms]
testing
testing done
network success rate top1 99.400002% 99.400002% 
network success rate top5 100.000000% 100.000000% 
saving best net in top 1
best net saved to mnist_0/trained/, with success rate 99.400002%



epoch [10 0] from [20 5]
training time per iterations 3.686647[ms]
testing
testing done
network success rate top1 99.320000% 99.470001% 
network success rate top5 99.989998% 100.000000% 



epoch [10 1] from [20 5]
training time per iterations 3.688541[ms]
testing
testing done
network success rate top1 99.360001% 99.419998% 
network success rate top5 100.000000% 100.000000% 



epoch [10 2] from [20 5]
training time per iterations 3.691103[ms]
testing
testing done
network success rate top1 99.339996% 99.570000% 
network success rate top5 99.989998% 100.000000% 



epoch [10 3] from [20 5]
training time per iterations 3.682496[ms]
testing
testing done
network success rate top1 99.360001% 99.449997% 
network success rate top5 100.000000% 100.000000% 



epoch [10 4] from [20 5]
training time per iterations 3.688660[ms]
testing
testing done
network success rate top1 99.330002% 99.419998% 
network success rate top5 100.000000% 100.000000% 



epoch [11 0] from [20 5]
training time per iterations 3.687699[ms]
testing
testing done
network success rate top1 99.349998% 99.480003% 
network success rate top5 99.989998% 100.000000% 



epoch [11 1] from [20 5]
training time per iterations 3.680353[ms]
testing
testing done
network success rate top1 99.349998% 99.440002% 
network success rate top5 99.989998% 100.000000% 



epoch [11 2] from [20 5]
training time per iterations 3.685080[ms]
testing
testing done
network success rate top1 99.320000% 99.459999% 
network success rate top5 100.000000% 100.000000% 



epoch [11 3] from [20 5]
training time per iterations 3.516498[ms]
testing
testing done
network success rate top1 99.309998% 99.650002% 
network success rate top5 99.989998% 100.000000% 



epoch [11 4] from [20 5]
training time per iterations 3.517336[ms]
testing
testing done
network success rate top1 99.349998% 99.349998% 
network success rate top5 99.989998% 100.000000% 



epoch [12 0] from [20 5]
training time per iterations 3.519583[ms]
testing
testing done
network success rate top1 99.339996% 99.410004% 
network success rate top5 99.989998% 100.000000% 



epoch [12 1] from [20 5]
training time per iterations 3.519730[ms]
testing
testing done
network success rate top1 99.379997% 99.379997% 
network success rate top5 100.000000% 100.000000% 



epoch [12 2] from [20 5]
training time per iterations 3.518837[ms]
testing
testing done
network success rate top1 99.349998% 99.580002% 
network success rate top5 99.989998% 100.000000% 



epoch [12 3] from [20 5]
training time per iterations 3.517791[ms]
testing
testing done
network success rate top1 99.410004% 99.360001% 
network success rate top5 99.989998% 100.000000% 
saving best net in top 1
best net saved to mnist_0/trained/, with success rate 99.410004%



epoch [12 4] from [20 5]
training time per iterations 3.517723[ms]
testing
testing done
network success rate top1 99.360001% 99.540001% 
network success rate top5 100.000000% 100.000000% 



epoch [13 0] from [20 5]
training time per iterations 3.517445[ms]
testing
testing done
network success rate top1 99.379997% 99.449997% 
network success rate top5 99.989998% 100.000000% 



epoch [13 1] from [20 5]
training time per iterations 3.524823[ms]
testing
testing done
network success rate top1 99.370003% 99.519997% 
network success rate top5 100.000000% 100.000000% 



epoch [13 2] from [20 5]
training time per iterations 3.519122[ms]
testing
testing done
network success rate top1 99.370003% 99.459999% 
network success rate top5 99.989998% 100.000000% 



epoch [13 3] from [20 5]
training time per iterations 3.516818[ms]
testing
testing done
network success rate top1 99.370003% 99.529999% 
network success rate top5 100.000000% 100.000000% 



epoch [13 4] from [20 5]
training time per iterations 3.516685[ms]
testing
testing done
network success rate top1 99.309998% 99.529999% 
network success rate top5 100.000000% 100.000000% 



epoch [14 0] from [20 5]
training time per iterations 3.516492[ms]
testing
testing done
network success rate top1 99.389999% 99.620003% 
network success rate top5 100.000000% 100.000000% 



epoch [14 1] from [20 5]
training time per iterations 3.518856[ms]
testing
testing done
network success rate top1 99.370003% 99.610001% 
network success rate top5 100.000000% 100.000000% 



epoch [14 2] from [20 5]
training time per iterations 3.518369[ms]
testing
testing done
network success rate top1 99.419998% 99.540001% 
network success rate top5 99.989998% 100.000000% 
saving best net in top 1
best net saved to mnist_0/trained/, with success rate 99.419998%



epoch [14 3] from [20 5]
training time per iterations 3.518327[ms]
testing
testing done
network success rate top1 99.349998% 99.639999% 
network success rate top5 99.989998% 99.989998% 



epoch [14 4] from [20 5]
training time per iterations 3.516640[ms]
testing
testing done
network success rate top1 99.339996% 99.589996% 
network success rate top5 99.989998% 100.000000% 
setting learning rate to 0.000250



epoch [15 0] from [20 5]
training time per iterations 3.518792[ms]
testing
testing done
network success rate top1 99.440002% 99.779999% 
network success rate top5 99.989998% 100.000000% 
saving best net in top 1
best net saved to mnist_0/trained/, with success rate 99.440002%



epoch [15 1] from [20 5]
training time per iterations 3.515071[ms]
testing
testing done
network success rate top1 99.400002% 99.580002% 
network success rate top5 99.989998% 100.000000% 



epoch [15 2] from [20 5]
training time per iterations 3.517887[ms]
testing
testing done
network success rate top1 99.400002% 99.589996% 
network success rate top5 99.989998% 100.000000% 



epoch [15 3] from [20 5]
training time per iterations 3.694328[ms]
testing
testing done
network success rate top1 99.410004% 99.660004% 
network success rate top5 99.989998% 100.000000% 



epoch [15 4] from [20 5]
training time per iterations 3.677715[ms]
testing
testing done
network success rate top1 99.410004% 99.589996% 
network success rate top5 100.000000% 100.000000% 



epoch [16 0] from [20 5]
training time per iterations 3.674638[ms]
testing
testing done
network success rate top1 99.430000% 99.610001% 
network success rate top5 99.989998% 100.000000% 



epoch [16 1] from [20 5]
training time per iterations 3.828035[ms]
testing
testing done
network success rate top1 99.449997% 99.510002% 
network success rate top5 99.989998% 100.000000% 
saving best net in top 1
best net saved to mnist_0/trained/, with success rate 99.449997%



epoch [16 2] from [20 5]
training time per iterations 4.191846[ms]
testing
testing done
network success rate top1 99.400002% 99.599998% 
network success rate top5 100.000000% 100.000000% 



epoch [16 3] from [20 5]
training time per iterations 3.755677[ms]
testing
testing done
network success rate top1 99.410004% 99.610001% 
network success rate top5 99.989998% 100.000000% 



epoch [16 4] from [20 5]
training time per iterations 3.678029[ms]
testing
testing done
network success rate top1 99.419998% 99.629997% 
network success rate top5 99.989998% 100.000000% 



epoch [17 0] from [20 5]
training time per iterations 3.677175[ms]
testing
testing done
network success rate top1 99.400002% 99.559998% 
network success rate top5 99.989998% 100.000000% 



epoch [17 1] from [20 5]
training time per iterations 3.677807[ms]
testing
testing done
network success rate top1 99.400002% 99.629997% 
network success rate top5 99.989998% 100.000000% 



epoch [17 2] from [20 5]
training time per iterations 3.676224[ms]
testing
testing done
network success rate top1 99.410004% 99.610001% 
network success rate top5 99.989998% 100.000000% 



epoch [17 3] from [20 5]
training time per iterations 3.676210[ms]
testing
testing done
network success rate top1 99.400002% 99.629997% 
network success rate top5 99.989998% 100.000000% 



epoch [17 4] from [20 5]
training time per iterations 3.677212[ms]
testing
testing done
network success rate top1 99.400002% 99.669998% 
network success rate top5 99.989998% 100.000000% 



epoch [18 0] from [20 5]
training time per iterations 3.684515[ms]
testing
testing done
network success rate top1 99.389999% 99.529999% 
network success rate top5 99.989998% 100.000000% 



epoch [18 1] from [20 5]
training time per iterations 3.678284[ms]
testing
testing done
network success rate top1 99.400002% 99.529999% 
network success rate top5 99.989998% 100.000000% 



epoch [18 2] from [20 5]
training time per iterations 3.680826[ms]
testing
testing done
network success rate top1 99.379997% 99.589996% 
network success rate top5 99.989998% 100.000000% 



epoch [18 3] from [20 5]
training time per iterations 3.677761[ms]
testing
testing done
network success rate top1 99.410004% 99.669998% 
network success rate top5 100.000000% 100.000000% 



epoch [18 4] from [20 5]
training time per iterations 3.679369[ms]
testing
testing done
network success rate top1 99.389999% 99.660004% 
network success rate top5 99.989998% 100.000000% 



epoch [19 0] from [20 5]
training time per iterations 3.673253[ms]
testing
testing done
network success rate top1 99.360001% 99.620003% 
network success rate top5 99.989998% 100.000000% 



epoch [19 1] from [20 5]
training time per iterations 4.104775[ms]
testing
testing done
network success rate top1 99.430000% 99.669998% 
network success rate top5 99.989998% 100.000000% 



epoch [19 2] from [20 5]
training time per iterations 3.514396[ms]
testing
testing done
network success rate top1 99.410004% 99.599998% 
network success rate top5 99.989998% 100.000000% 



epoch [19 3] from [20 5]
training time per iterations 3.514488[ms]
testing
testing done
network success rate top1 99.410004% 99.650002% 
network success rate top5 99.989998% 100.000000% 



epoch [19 4] from [20 5]
training time per iterations 3.514866[ms]
testing
testing done
network success rate top1 99.440002% 99.660004% 
network success rate top5 99.989998% 100.000000% 
training done
