network init start

hyperparameters
init_weight_range 0.000000 ,xavier
learning_rate 0.001000
lambda1 0.000005
lambda2 0.001000
dropout 0.200000
noise 0.050000
minibatch size 32

         CONVOLUTION  [   28    28     1] [    3     3    16] [   28    28    16] [       144         16][    125440]
                RELU  [   28    28    16] [    1     1     1] [   28    28    16] [         0          0][     25088]
         MAX POOLING  [   28    28    16] [    2     2     1] [   14    14    16] [         0          0][     25088]
         CONVOLUTION  [   14    14    16] [    5     5    32] [   14    14    32] [     12800         32][   2515072]
                RELU  [   14    14    32] [    1     1     1] [   14    14    32] [         0          0][     12544]
         CONVOLUTION  [   14    14    32] [    5     5    32] [   14    14    32] [     25600         32][   5023872]
                RELU  [   14    14    32] [    1     1     1] [   14    14    32] [         0          0][     12544]
             DROPOUT  [   14    14    32] [    1     1     1] [   14    14    32] [         0          0][     12544]
                  FC  [   14    14    32] [    1     1    10] [    1     1    10] [     62720         10][    125460]

input_geometry  [28 28 1]
output_geometry [1 1 10]
network flops operations 7877652 FLOPS, 0.007878 GFLOPS
init DONE

network destructor done
