0.000000 0 0 44.590000 44.080002  90.150002 90.250000 
0.200000 0 1 45.880001 45.369999  91.349998 91.199997 
0.400000 0 2 50.090000 50.860001  92.400002 92.449997 
0.600000 0 3 49.049999 49.700001  91.190002 91.209999 
0.800000 0 4 52.419998 52.720001  92.510002 92.489998 
1.000000 1 0 53.759998 54.610001  93.639999 93.750000 
1.200000 1 1 55.509998 55.189999  94.099998 94.120003 
1.400000 1 2 55.020000 55.639999  94.139999 94.260002 
1.600000 1 3 54.990002 55.369999  93.029999 92.989998 
1.800000 1 4 57.660000 57.459999  94.199997 94.180000 
2.000000 2 0 57.990002 57.950001  94.139999 94.529999 
2.200000 2 1 56.570000 57.660000  93.760002 93.930000 
2.400000 2 2 57.330002 58.779999  93.849998 94.459999 
2.600000 2 3 57.919998 58.860001  94.139999 93.830002 
2.800000 2 4 56.680000 57.369999  93.370003 93.459999 
3.000000 3 0 57.910000 59.669998  93.989998 94.389999 
3.200000 3 1 60.169998 61.160000  94.750000 94.800003 
3.400000 3 2 60.220001 62.450001  94.599998 95.010002 
3.600000 3 3 60.180000 61.130001  94.379997 95.250000 
3.800000 3 4 60.470001 61.570000  94.339996 94.800003 
4.000000 4 0 60.490002 61.279999  94.949997 94.949997 
4.200000 4 1 60.900002 61.990002  94.970001 95.419998 
4.400000 4 2 60.950001 62.459999  94.480003 95.129997 
4.600000 4 3 62.389999 64.330002  95.070000 95.059998 
4.800000 4 4 62.259998 63.770000  94.879997 95.430000 
5.000000 5 0 61.500000 62.700001  95.150002 95.849998 
5.200000 5 1 60.869999 62.099998  95.129997 95.099998 
5.400000 5 2 62.849998 64.589996  95.309998 95.449997 
5.600000 5 3 61.480000 63.790001  94.330002 95.199997 
5.800000 5 4 62.970001 64.519997  95.010002 95.349998 
6.000000 6 0 62.610001 63.020000  94.949997 95.769997 
6.200000 6 1 63.389999 64.320000  95.300003 95.790001 
6.400000 6 2 62.970001 65.180000  95.410004 95.720001 
6.600000 6 3 63.439999 65.779999  95.489998 96.339996 
6.800000 6 4 64.160004 65.820000  95.370003 95.849998 
7.000000 7 0 63.500000 65.000000  95.389999 95.529999 
7.200000 7 1 62.320000 64.470001  94.940002 96.139999 
7.400000 7 2 64.529999 66.129997  95.529999 96.010002 
7.600000 7 3 62.400002 65.370003  94.669998 95.809998 
7.800000 7 4 64.129997 65.440002  95.139999 95.910004 
8.000000 8 0 64.279999 65.610001  95.250000 95.790001 
8.200000 8 1 64.370003 66.379997  95.680000 96.099998 
8.400000 8 2 64.620003 66.730003  95.690002 95.889999 
8.600000 8 3 64.370003 66.650002  95.519997 96.459999 
8.800000 8 4 64.660004 67.839996  95.730003 96.440002 
9.000000 9 0 64.669998 66.989998  95.580002 96.290001 
9.200000 9 1 65.410004 67.699997  95.900002 96.290001 
9.400000 9 2 63.320000 65.580002  95.019997 95.519997 
9.600000 9 3 64.849998 67.339996  95.720001 96.209999 
9.800000 9 4 64.279999 67.070000  94.910004 95.760002 
10.000000 10 0 65.040001 68.160004  95.339996 96.059998 
10.200000 10 1 62.889999 65.720001  95.110001 95.820000 
10.400000 10 2 65.519997 68.080002  95.730003 96.589996 
10.600000 10 3 65.190002 67.089996  95.809998 96.320000 
10.800000 10 4 65.610001 66.709999  96.029999 96.480003 
11.000000 11 0 65.059998 66.599998  95.120003 96.000000 
11.200000 11 1 65.730003 68.269997  95.489998 96.279999 
11.400000 11 2 64.989998 68.599998  95.730003 96.949997 
11.600000 11 3 65.610001 68.290001  95.809998 96.889999 
11.800000 11 4 61.430000 63.599998  93.910004 94.639999 
12.000000 12 0 66.629997 69.510002  95.870003 96.419998 
12.200000 12 1 66.489998 69.160004  96.089996 96.660004 
12.400000 12 2 64.900002 67.290001  95.349998 96.440002 
12.600000 12 3 65.379997 68.410004  95.169998 96.279999 
12.800000 12 4 66.419998 68.169998  95.800003 96.730003 
13.000000 13 0 66.110001 68.010002  95.959999 96.540001 
13.200000 13 1 66.550003 70.309998  95.919998 96.989998 
13.400000 13 2 66.269997 69.379997  95.779999 96.470001 
13.600000 13 3 66.239998 69.279999  95.690002 96.339996 
13.800000 13 4 66.800003 70.080002  95.809998 96.680000 
14.000000 14 0 65.010002 67.650002  95.169998 96.000000 
14.200000 14 1 67.180000 68.830002  96.019997 96.669998 
14.400000 14 2 67.099998 70.360001  95.870003 96.459999 
14.600000 14 3 67.150002 69.230003  96.010002 96.910004 
14.800000 14 4 65.540001 68.269997  95.320000 96.529999 
15.000000 15 0 65.860001 68.480003  95.389999 96.470001 
15.200000 15 1 65.980003 69.000000  95.459999 96.589996 
15.400000 15 2 66.139999 68.699997  95.529999 96.480003 
15.600000 15 3 66.279999 69.220001  95.599998 96.599998 
15.800000 15 4 66.449997 69.720001  95.610001 96.760002 
16.000000 16 0 66.559998 69.930000  95.669998 96.860001 
16.200001 16 1 66.769997 69.930000  95.739998 96.699997 
16.400000 16 2 66.809998 70.550003  95.739998 97.010002 
16.600000 16 3 66.949997 69.910004  95.769997 96.459999 
16.799999 16 4 66.980003 70.110001  95.769997 96.639999 
17.000000 17 0 66.940002 69.419998  95.779999 96.360001 
17.200001 17 1 67.059998 69.430000  95.800003 96.750000 
17.400000 17 2 67.050003 69.529999  95.809998 96.769997 
17.600000 17 3 67.089996 70.050003  95.830002 96.769997 
17.799999 17 4 67.059998 70.010002  95.860001 96.699997 
18.000000 18 0 67.129997 69.879997  95.839996 96.839996 
18.200001 18 1 67.129997 69.800003  95.839996 96.720001 
18.400000 18 2 67.120003 70.430000  95.830002 96.959999 
18.600000 18 3 67.169998 70.309998  95.839996 96.750000 
18.799999 18 4 67.239998 70.250000  95.849998 96.949997 
19.000000 19 0 67.150002 69.709999  95.870003 96.750000 
19.200001 19 1 67.199997 70.309998  95.889999 96.879997 
19.400000 19 2 67.180000 70.019997  95.900002 96.680000 
19.600000 19 3 67.110001 70.169998  95.900002 97.080002 
19.799999 19 4 67.110001 70.379997  95.900002 96.870003 
