0.000000 0 0 87.839996 88.680000  100.000000 100.000000 
0.200000 0 1 89.279999 90.339996  100.000000 100.000000 
0.400000 0 2 90.059998 89.620003  100.000000 100.000000 
0.600000 0 3 90.820000 91.160004  100.000000 100.000000 
0.800000 0 4 91.379997 91.580002  100.000000 100.000000 
1.000000 1 0 91.779999 90.940002  100.000000 100.000000 
1.200000 1 1 92.080002 92.019997  100.000000 100.000000 
1.400000 1 2 92.400002 92.800003  100.000000 100.000000 
1.600000 1 3 92.419998 92.040001  100.000000 100.000000 
1.800000 1 4 92.419998 92.339996  100.000000 100.000000 
2.000000 2 0 92.980003 93.120003  100.000000 100.000000 
2.200000 2 1 92.820000 92.699997  100.000000 100.000000 
2.400000 2 2 93.300003 93.279999  100.000000 100.000000 
2.600000 2 3 93.480003 93.459999  100.000000 100.000000 
2.800000 2 4 93.500000 93.120003  100.000000 100.000000 
3.000000 3 0 93.500000 93.160004  100.000000 100.000000 
3.200000 3 1 93.639999 93.279999  100.000000 100.000000 
3.400000 3 2 93.739998 93.760002  100.000000 100.000000 
3.600000 3 3 93.800003 92.739998  100.000000 100.000000 
3.800000 3 4 94.000000 93.820000  100.000000 100.000000 
4.000000 4 0 93.800003 93.879997  100.000000 100.000000 
4.200000 4 1 94.300003 94.080002  100.000000 100.000000 
4.400000 4 2 94.199997 93.959999  100.000000 100.000000 
4.600000 4 3 94.220001 93.739998  100.000000 100.000000 
4.800000 4 4 94.040001 94.199997  100.000000 100.000000 
5.000000 5 0 94.220001 93.580002  100.000000 100.000000 
5.200000 5 1 94.379997 94.099998  100.000000 100.000000 
5.400000 5 2 94.360001 93.919998  100.000000 100.000000 
5.600000 5 3 94.720001 94.099998  100.000000 100.000000 
5.800000 5 4 94.379997 94.800003  100.000000 100.000000 
6.000000 6 0 94.320000 93.260002  100.000000 100.000000 
6.200000 6 1 94.419998 94.180000  100.000000 100.000000 
6.400000 6 2 94.519997 94.419998  100.000000 100.000000 
6.600000 6 3 94.480003 94.360001  100.000000 100.000000 
6.800000 6 4 94.639999 94.300003  100.000000 100.000000 
7.000000 7 0 94.540001 94.379997  100.000000 100.000000 
7.200000 7 1 94.480003 94.500000  100.000000 100.000000 
7.400000 7 2 94.720001 94.599998  100.000000 100.000000 
7.600000 7 3 94.660004 94.379997  100.000000 100.000000 
7.800000 7 4 94.720001 94.320000  100.000000 100.000000 
8.000000 8 0 94.580002 94.559998  100.000000 100.000000 
8.200000 8 1 94.580002 94.059998  100.000000 100.000000 
8.400000 8 2 94.779999 94.419998  100.000000 100.000000 
8.600000 8 3 94.620003 94.059998  100.000000 100.000000 
8.800000 8 4 94.800003 94.180000  100.000000 100.000000 
9.000000 9 0 94.440002 94.620003  100.000000 100.000000 
9.200000 9 1 94.860001 94.680000  100.000000 100.000000 
9.400000 9 2 94.500000 95.040001  100.000000 100.000000 
9.600000 9 3 94.820000 94.139999  100.000000 100.000000 
9.800000 9 4 94.699997 94.699997  100.000000 100.000000 
